<?xml version="1.0" encoding="UTF-8"?>
<coverage generated="1522798287935" clover="3.2.0">
  <project timestamp="1522798287935" name="All files">
    <metrics statements="456" coveredstatements="62" conditionals="105" coveredconditionals="0" methods="107" coveredmethods="11" elements="668" coveredelements="73" complexity="0" loc="456" ncloc="456" packages="16" files="38" classes="38">
      <package name="src">
        <metrics statements="19" coveredstatements="19" conditionals="0" coveredconditionals="0" methods="0" coveredmethods="0"/>
        <file name="constants.js" path="C:\Users\Lena\Desktop\Fcmp\Fcmp-react\src\constants.js">
          <metrics statements="19" coveredstatements="19" conditionals="0" coveredconditionals="0" methods="0" coveredmethods="0"/>
          <line num="1" count="2" type="stmt"/>
          <line num="2" count="2" type="stmt"/>
          <line num="3" count="2" type="stmt"/>
          <line num="4" count="2" type="stmt"/>
          <line num="5" count="2" type="stmt"/>
          <line num="6" count="2" type="stmt"/>
          <line num="7" count="2" type="stmt"/>
          <line num="8" count="2" type="stmt"/>
          <line num="9" count="2" type="stmt"/>
          <line num="10" count="2" type="stmt"/>
          <line num="11" count="2" type="stmt"/>
          <line num="12" count="2" type="stmt"/>
          <line num="15" count="2" type="stmt"/>
          <line num="16" count="2" type="stmt"/>
          <line num="17" count="2" type="stmt"/>
          <line num="20" count="2" type="stmt"/>
          <line num="21" count="2" type="stmt"/>
          <line num="22" count="2" type="stmt"/>
          <line num="24" count="2" type="stmt"/>
        </file>
      </package>
      <package name="src.client">
        <metrics statements="32" coveredstatements="0" conditionals="4" coveredconditionals="0" methods="1" coveredmethods="0"/>
        <file name="client.js" path="C:\Users\Lena\Desktop\Fcmp\Fcmp-react\src\client\client.js">
          <metrics statements="19" coveredstatements="0" conditionals="2" coveredconditionals="0" methods="0" coveredmethods="0"/>
          <line num="1" count="0" type="stmt"/>
          <line num="2" count="0" type="stmt"/>
          <line num="3" count="0" type="stmt"/>
          <line num="4" count="0" type="stmt"/>
          <line num="5" count="0" type="stmt"/>
          <line num="6" count="0" type="stmt"/>
          <line num="7" count="0" type="stmt"/>
          <line num="8" count="0" type="stmt"/>
          <line num="10" count="0" type="stmt"/>
          <line num="11" count="0" type="stmt"/>
          <line num="12" count="0" type="stmt"/>
          <line num="14" count="0" type="stmt"/>
          <line num="19" count="0" type="cond" truecount="0" falsecount="2"/>
          <line num="20" count="0" type="stmt"/>
          <line num="23" count="0" type="stmt"/>
          <line num="24" count="0" type="stmt"/>
          <line num="27" count="0" type="stmt"/>
          <line num="28" count="0" type="stmt"/>
          <line num="30" count="0" type="stmt"/>
        </file>
        <file name="routes.js" path="C:\Users\Lena\Desktop\Fcmp\Fcmp-react\src\client\routes.js">
          <metrics statements="13" coveredstatements="0" conditionals="2" coveredconditionals="0" methods="1" coveredmethods="0"/>
          <line num="1" count="0" type="stmt"/>
          <line num="2" count="0" type="stmt"/>
          <line num="3" count="0" type="stmt"/>
          <line num="4" count="0" type="stmt"/>
          <line num="5" count="0" type="stmt"/>
          <line num="6" count="0" type="stmt"/>
          <line num="7" count="0" type="stmt"/>
          <line num="10" count="0" type="stmt"/>
          <line num="11" count="0" type="stmt"/>
          <line num="13" count="0" type="cond" truecount="0" falsecount="2"/>
          <line num="14" count="0" type="stmt"/>
          <line num="19" count="0" type="stmt"/>
          <line num="22" count="0" type="stmt"/>
        </file>
      </package>
      <package name="src.client.components.App">
        <metrics statements="2" coveredstatements="2" conditionals="0" coveredconditionals="0" methods="2" coveredmethods="2"/>
        <file name="App.js" path="C:\Users\Lena\Desktop\Fcmp\Fcmp-react\src\client\components\App\App.js">
          <metrics statements="2" coveredstatements="2" conditionals="0" coveredconditionals="0" methods="2" coveredmethods="2"/>
          <line num="13" count="1" type="stmt"/>
          <line num="16" count="1" type="stmt"/>
        </file>
        <file name="index.js" path="C:\Users\Lena\Desktop\Fcmp\Fcmp-react\src\client\components\App\index.js">
          <metrics statements="0" coveredstatements="0" conditionals="0" coveredconditionals="0" methods="0" coveredmethods="0"/>
        </file>
      </package>
      <package name="src.client.components.LoginPage">
        <metrics statements="15" coveredstatements="9" conditionals="2" coveredconditionals="0" methods="5" coveredmethods="3"/>
        <file name="Login.js" path="C:\Users\Lena\Desktop\Fcmp\Fcmp-react\src\client\components\LoginPage\Login.js">
          <metrics statements="10" coveredstatements="4" conditionals="2" coveredconditionals="0" methods="4" coveredmethods="2"/>
          <line num="6" count="1" type="stmt"/>
          <line num="14" count="2" type="stmt"/>
          <line num="15" count="2" type="stmt"/>
          <line num="19" count="0" type="stmt"/>
          <line num="20" count="0" type="stmt"/>
          <line num="21" count="0" type="stmt"/>
          <line num="24" count="0" type="stmt"/>
          <line num="29" count="0" type="cond" truecount="0" falsecount="2"/>
          <line num="31" count="0" type="stmt"/>
          <line num="40" count="2" type="stmt"/>
        </file>
        <file name="LoginContainer.js" path="C:\Users\Lena\Desktop\Fcmp\Fcmp-react\src\client\components\LoginPage\LoginContainer.js">
          <metrics statements="5" coveredstatements="5" conditionals="0" coveredconditionals="0" methods="1" coveredmethods="1"/>
          <line num="9" count="1" type="stmt"/>
          <line num="10" count="2" type="stmt"/>
          <line num="12" count="2" type="stmt"/>
          <line num="13" count="2" type="stmt"/>
          <line num="16" count="2" type="stmt"/>
        </file>
        <file name="index.js" path="C:\Users\Lena\Desktop\Fcmp\Fcmp-react\src\client\components\LoginPage\index.js">
          <metrics statements="0" coveredstatements="0" conditionals="0" coveredconditionals="0" methods="0" coveredmethods="0"/>
        </file>
      </package>
      <package name="src.client.components.MainPage">
        <metrics statements="3" coveredstatements="0" conditionals="0" coveredconditionals="0" methods="0" coveredmethods="0"/>
        <file name="MainPage.js" path="C:\Users\Lena\Desktop\Fcmp\Fcmp-react\src\client\components\MainPage\MainPage.js">
          <metrics statements="2" coveredstatements="0" conditionals="0" coveredconditionals="0" methods="0" coveredmethods="0"/>
          <line num="1" count="0" type="stmt"/>
          <line num="5" count="0" type="stmt"/>
        </file>
        <file name="index.js" path="C:\Users\Lena\Desktop\Fcmp\Fcmp-react\src\client\components\MainPage\index.js">
          <metrics statements="1" coveredstatements="0" conditionals="0" coveredconditionals="0" methods="0" coveredmethods="0"/>
          <line num="1" count="0" type="stmt"/>
        </file>
      </package>
      <package name="src.client.components.Posts">
        <metrics statements="69" coveredstatements="5" conditionals="2" coveredconditionals="0" methods="19" coveredmethods="3"/>
        <file name="AddPost.jsx" path="C:\Users\Lena\Desktop\Fcmp\Fcmp-react\src\client\components\Posts\AddPost.jsx">
          <metrics statements="9" coveredstatements="0" conditionals="0" coveredconditionals="0" methods="2" coveredmethods="0"/>
          <line num="1" count="0" type="stmt"/>
          <line num="2" count="0" type="stmt"/>
          <line num="4" count="0" type="stmt"/>
          <line num="6" count="0" type="stmt"/>
          <line num="10" count="0" type="stmt"/>
          <line num="12" count="0" type="stmt"/>
          <line num="18" count="0" type="stmt"/>
          <line num="19" count="0" type="stmt"/>
          <line num="21" count="0" type="stmt"/>
        </file>
        <file name="AddPostForm.jsx" path="C:\Users\Lena\Desktop\Fcmp\Fcmp-react\src\client\components\Posts\AddPostForm.jsx">
          <metrics statements="14" coveredstatements="0" conditionals="0" coveredconditionals="0" methods="4" coveredmethods="0"/>
          <line num="1" count="0" type="stmt"/>
          <line num="2" count="0" type="stmt"/>
          <line num="6" count="0" type="stmt"/>
          <line num="7" count="0" type="stmt"/>
          <line num="8" count="0" type="stmt"/>
          <line num="9" count="0" type="stmt"/>
          <line num="11" count="0" type="stmt"/>
          <line num="18" count="0" type="stmt"/>
          <line num="26" count="0" type="stmt"/>
          <line num="35" count="0" type="stmt"/>
          <line num="41" count="0" type="stmt"/>
          <line num="42" count="0" type="stmt"/>
          <line num="43" count="0" type="stmt"/>
          <line num="44" count="0" type="stmt"/>
        </file>
        <file name="Filter.jsx" path="C:\Users\Lena\Desktop\Fcmp\Fcmp-react\src\client\components\Posts\Filter.jsx">
          <metrics statements="7" coveredstatements="0" conditionals="0" coveredconditionals="0" methods="2" coveredmethods="0"/>
          <line num="1" count="0" type="stmt"/>
          <line num="2" count="0" type="stmt"/>
          <line num="6" count="0" type="stmt"/>
          <line num="7" count="0" type="stmt"/>
          <line num="9" count="0" type="stmt"/>
          <line num="15" count="0" type="stmt"/>
          <line num="18" count="0" type="stmt"/>
        </file>
        <file name="FilterBlock.jsx" path="C:\Users\Lena\Desktop\Fcmp\Fcmp-react\src\client\components\Posts\FilterBlock.jsx">
          <metrics statements="11" coveredstatements="0" conditionals="0" coveredconditionals="0" methods="3" coveredmethods="0"/>
          <line num="1" count="0" type="stmt"/>
          <line num="2" count="0" type="stmt"/>
          <line num="4" count="0" type="stmt"/>
          <line num="5" count="0" type="stmt"/>
          <line num="7" count="0" type="stmt"/>
          <line num="10" count="0" type="stmt"/>
          <line num="15" count="0" type="stmt"/>
          <line num="18" count="0" type="stmt"/>
          <line num="20" count="0" type="stmt"/>
          <line num="29" count="0" type="stmt"/>
          <line num="31" count="0" type="stmt"/>
        </file>
        <file name="Post.jsx" path="C:\Users\Lena\Desktop\Fcmp\Fcmp-react\src\client\components\Posts\Post.jsx">
          <metrics statements="2" coveredstatements="2" conditionals="0" coveredconditionals="0" methods="1" coveredmethods="1"/>
          <line num="7" count="3" type="stmt"/>
          <line num="9" count="3" type="stmt"/>
        </file>
        <file name="Posts.jsx" path="C:\Users\Lena\Desktop\Fcmp\Fcmp-react\src\client\components\Posts\Posts.jsx">
          <metrics statements="3" coveredstatements="3" conditionals="0" coveredconditionals="0" methods="2" coveredmethods="2"/>
          <line num="8" count="1" type="stmt"/>
          <line num="10" count="1" type="stmt"/>
          <line num="14" count="2" type="stmt"/>
        </file>
        <file name="PostsList.jsx" path="C:\Users\Lena\Desktop\Fcmp\Fcmp-react\src\client\components\Posts\PostsList.jsx">
          <metrics statements="17" coveredstatements="0" conditionals="2" coveredconditionals="0" methods="5" coveredmethods="0"/>
          <line num="1" count="0" type="stmt"/>
          <line num="2" count="0" type="stmt"/>
          <line num="5" count="0" type="stmt"/>
          <line num="6" count="0" type="stmt"/>
          <line num="12" count="0" type="stmt"/>
          <line num="17" count="0" type="stmt"/>
          <line num="19" count="0" type="stmt"/>
          <line num="26" count="0" type="stmt"/>
          <line num="30" count="0" type="stmt"/>
          <line num="32" count="0" type="stmt"/>
          <line num="34" count="0" type="stmt"/>
          <line num="35" count="0" type="stmt"/>
          <line num="40" count="0" type="stmt"/>
          <line num="43" count="0" type="stmt"/>
          <line num="52" count="0" type="stmt"/>
          <line num="53" count="0" type="stmt"/>
          <line num="55" count="0" type="stmt"/>
        </file>
        <file name="PostsPage.js" path="C:\Users\Lena\Desktop\Fcmp\Fcmp-react\src\client\components\Posts\PostsPage.js">
          <metrics statements="5" coveredstatements="0" conditionals="0" coveredconditionals="0" methods="0" coveredmethods="0"/>
          <line num="1" count="0" type="stmt"/>
          <line num="2" count="0" type="stmt"/>
          <line num="3" count="0" type="stmt"/>
          <line num="4" count="0" type="stmt"/>
          <line num="8" count="0" type="stmt"/>
        </file>
        <file name="index.js" path="C:\Users\Lena\Desktop\Fcmp\Fcmp-react\src\client\components\Posts\index.js">
          <metrics statements="1" coveredstatements="0" conditionals="0" coveredconditionals="0" methods="0" coveredmethods="0"/>
          <line num="1" count="0" type="stmt"/>
        </file>
      </package>
      <package name="src.client.components.RegisterPage">
        <metrics statements="11" coveredstatements="5" conditionals="2" coveredconditionals="0" methods="5" coveredmethods="3"/>
        <file name="Register.js" path="C:\Users\Lena\Desktop\Fcmp\Fcmp-react\src\client\components\RegisterPage\Register.js">
          <metrics statements="10" coveredstatements="4" conditionals="2" coveredconditionals="0" methods="4" coveredmethods="2"/>
          <line num="5" count="1" type="stmt"/>
          <line num="12" count="2" type="stmt"/>
          <line num="13" count="2" type="stmt"/>
          <line num="17" count="0" type="stmt"/>
          <line num="18" count="0" type="stmt"/>
          <line num="19" count="0" type="stmt"/>
          <line num="22" count="0" type="stmt"/>
          <line num="27" count="0" type="cond" truecount="0" falsecount="2"/>
          <line num="29" count="0" type="stmt"/>
          <line num="38" count="2" type="stmt"/>
        </file>
        <file name="RegisterContainer.js" path="C:\Users\Lena\Desktop\Fcmp\Fcmp-react\src\client\components\RegisterPage\RegisterContainer.js">
          <metrics statements="1" coveredstatements="1" conditionals="0" coveredconditionals="0" methods="1" coveredmethods="1"/>
          <line num="6" count="2" type="stmt"/>
        </file>
        <file name="index.js" path="C:\Users\Lena\Desktop\Fcmp\Fcmp-react\src\client\components\RegisterPage\index.js">
          <metrics statements="0" coveredstatements="0" conditionals="0" coveredconditionals="0" methods="0" coveredmethods="0"/>
        </file>
      </package>
      <package name="src.client.redux">
        <metrics statements="4" coveredstatements="0" conditionals="0" coveredconditionals="0" methods="0" coveredmethods="0"/>
        <file name="configureStore.js" path="C:\Users\Lena\Desktop\Fcmp\Fcmp-react\src\client\redux\configureStore.js">
          <metrics statements="4" coveredstatements="0" conditionals="0" coveredconditionals="0" methods="0" coveredmethods="0"/>
          <line num="1" count="0" type="stmt"/>
          <line num="2" count="0" type="stmt"/>
          <line num="3" count="0" type="stmt"/>
          <line num="4" count="0" type="stmt"/>
        </file>
      </package>
      <package name="src.client.redux.actions">
        <metrics statements="90" coveredstatements="22" conditionals="21" coveredconditionals="0" methods="37" coveredmethods="0"/>
        <file name="index.js" path="C:\Users\Lena\Desktop\Fcmp\Fcmp-react\src\client\redux\actions\index.js">
          <metrics statements="90" coveredstatements="22" conditionals="21" coveredconditionals="0" methods="37" coveredmethods="0"/>
          <line num="8" count="2" type="stmt"/>
          <line num="9" count="0" type="stmt"/>
          <line num="17" count="2" type="stmt"/>
          <line num="18" count="0" type="stmt"/>
          <line num="23" count="2" type="stmt"/>
          <line num="24" count="0" type="stmt"/>
          <line num="29" count="2" type="stmt"/>
          <line num="30" count="0" type="stmt"/>
          <line num="36" count="2" type="stmt"/>
          <line num="37" count="0" type="stmt"/>
          <line num="42" count="2" type="stmt"/>
          <line num="43" count="0" type="stmt"/>
          <line num="49" count="2" type="stmt"/>
          <line num="50" count="0" type="stmt"/>
          <line num="56" count="2" type="stmt"/>
          <line num="57" count="0" type="stmt"/>
          <line num="62" count="2" type="stmt"/>
          <line num="63" count="0" type="stmt"/>
          <line num="68" count="2" type="stmt"/>
          <line num="69" count="0" type="stmt"/>
          <line num="75" count="2" type="stmt"/>
          <line num="76" count="0" type="stmt"/>
          <line num="81" count="2" type="stmt"/>
          <line num="82" count="0" type="stmt"/>
          <line num="87" count="2" type="stmt"/>
          <line num="88" count="0" type="stmt"/>
          <line num="93" count="2" type="cond" truecount="0" falsecount="1"/>
          <line num="95" count="0" type="stmt"/>
          <line num="104" count="2" type="stmt"/>
          <line num="108" count="0" type="stmt"/>
          <line num="109" count="0" type="stmt"/>
          <line num="111" count="0" type="stmt"/>
          <line num="113" count="0" type="cond" truecount="0" falsecount="2"/>
          <line num="114" count="0" type="stmt"/>
          <line num="117" count="0" type="stmt"/>
          <line num="119" count="0" type="stmt"/>
          <line num="120" count="0" type="stmt"/>
          <line num="122" count="0" type="stmt"/>
          <line num="126" count="0" type="cond" truecount="0" falsecount="2"/>
          <line num="128" count="0" type="stmt"/>
          <line num="136" count="2" type="stmt"/>
          <line num="137" count="0" type="stmt"/>
          <line num="138" count="0" type="stmt"/>
          <line num="140" count="0" type="stmt"/>
          <line num="142" count="0" type="cond" truecount="0" falsecount="2"/>
          <line num="143" count="0" type="stmt"/>
          <line num="146" count="0" type="stmt"/>
          <line num="148" count="0" type="stmt"/>
          <line num="152" count="0" type="cond" truecount="0" falsecount="2"/>
          <line num="154" count="0" type="stmt"/>
          <line num="160" count="2" type="stmt"/>
          <line num="161" count="0" type="stmt"/>
          <line num="162" count="0" type="stmt"/>
          <line num="164" count="0" type="stmt"/>
          <line num="166" count="0" type="cond" truecount="0" falsecount="2"/>
          <line num="167" count="0" type="stmt"/>
          <line num="168" count="0" type="stmt"/>
          <line num="170" count="0" type="stmt"/>
          <line num="171" count="0" type="stmt"/>
          <line num="173" count="0" type="stmt"/>
          <line num="177" count="0" type="cond" truecount="0" falsecount="2"/>
          <line num="179" count="0" type="stmt"/>
          <line num="186" count="2" type="stmt"/>
          <line num="187" count="0" type="stmt"/>
          <line num="188" count="0" type="stmt"/>
          <line num="190" count="0" type="stmt"/>
          <line num="192" count="0" type="cond" truecount="0" falsecount="2"/>
          <line num="193" count="0" type="stmt"/>
          <line num="197" count="0" type="stmt"/>
          <line num="198" count="0" type="stmt"/>
          <line num="200" count="0" type="stmt"/>
          <line num="204" count="0" type="cond" truecount="0" falsecount="2"/>
          <line num="206" count="0" type="stmt"/>
          <line num="213" count="2" type="stmt"/>
          <line num="214" count="0" type="stmt"/>
          <line num="219" count="2" type="stmt"/>
          <line num="220" count="0" type="stmt"/>
          <line num="226" count="2" type="stmt"/>
          <line num="227" count="0" type="stmt"/>
          <line num="232" count="2" type="stmt"/>
          <line num="233" count="0" type="stmt"/>
          <line num="234" count="0" type="stmt"/>
          <line num="236" count="0" type="stmt"/>
          <line num="238" count="0" type="cond" truecount="0" falsecount="2"/>
          <line num="239" count="0" type="stmt"/>
          <line num="243" count="0" type="stmt"/>
          <line num="244" count="0" type="stmt"/>
          <line num="246" count="0" type="stmt"/>
          <line num="250" count="0" type="cond" truecount="0" falsecount="2"/>
          <line num="252" count="0" type="stmt"/>
        </file>
      </package>
      <package name="src.client.redux.reducers">
        <metrics statements="40" coveredstatements="0" conditionals="32" coveredconditionals="0" methods="5" coveredmethods="0"/>
        <file name="index.js" path="C:\Users\Lena\Desktop\Fcmp\Fcmp-react\src\client\redux\reducers\index.js">
          <metrics statements="6" coveredstatements="0" conditionals="0" coveredconditionals="0" methods="0" coveredmethods="0"/>
          <line num="1" count="0" type="stmt"/>
          <line num="2" count="0" type="stmt"/>
          <line num="3" count="0" type="stmt"/>
          <line num="4" count="0" type="stmt"/>
          <line num="5" count="0" type="stmt"/>
          <line num="6" count="0" type="stmt"/>
        </file>
        <file name="posts.js" path="C:\Users\Lena\Desktop\Fcmp\Fcmp-react\src\client\redux\reducers\posts.js">
          <metrics statements="12" coveredstatements="0" conditionals="9" coveredconditionals="0" methods="3" coveredmethods="0"/>
          <line num="1" count="0" type="stmt"/>
          <line num="9" count="0" type="stmt"/>
          <line num="10" count="0" type="stmt"/>
          <line num="12" count="0" type="stmt"/>
          <line num="20" count="0" type="stmt"/>
          <line num="24" count="0" type="cond" truecount="0" falsecount="4"/>
          <line num="25" count="0" type="stmt"/>
          <line num="28" count="0" type="stmt"/>
          <line num="29" count="0" type="stmt"/>
          <line num="36" count="0" type="stmt"/>
          <line num="39" count="0" type="stmt"/>
          <line num="45" count="0" type="stmt"/>
        </file>
        <file name="user.js" path="C:\Users\Lena\Desktop\Fcmp\Fcmp-react\src\client\redux\reducers\user.js">
          <metrics statements="17" coveredstatements="0" conditionals="17" coveredconditionals="0" methods="1" coveredmethods="0"/>
          <line num="1" count="0" type="stmt"/>
          <line num="17" count="0" type="stmt"/>
          <line num="21" count="0" type="cond" truecount="0" falsecount="4"/>
          <line num="22" count="0" type="stmt"/>
          <line num="24" count="0" type="stmt"/>
          <line num="26" count="0" type="stmt"/>
          <line num="28" count="0" type="stmt"/>
          <line num="30" count="0" type="stmt"/>
          <line num="32" count="0" type="stmt"/>
          <line num="34" count="0" type="stmt"/>
          <line num="36" count="0" type="stmt"/>
          <line num="38" count="0" type="stmt"/>
          <line num="40" count="0" type="stmt"/>
          <line num="42" count="0" type="stmt"/>
          <line num="44" count="0" type="stmt"/>
          <line num="46" count="0" type="stmt"/>
          <line num="48" count="0" type="stmt"/>
        </file>
        <file name="visibilityFilter.js" path="C:\Users\Lena\Desktop\Fcmp\Fcmp-react\src\client\redux\reducers\visibilityFilter.js">
          <metrics statements="5" coveredstatements="0" conditionals="6" coveredconditionals="0" methods="1" coveredmethods="0"/>
          <line num="1" count="0" type="stmt"/>
          <line num="4" count="0" type="cond" truecount="0" falsecount="4"/>
          <line num="5" count="0" type="stmt"/>
          <line num="7" count="0" type="stmt"/>
          <line num="9" count="0" type="stmt"/>
        </file>
      </package>
      <package name="src.client.styles">
        <metrics statements="0" coveredstatements="0" conditionals="0" coveredconditionals="0" methods="0" coveredmethods="0"/>
        <file name="postsList.css.js" path="C:\Users\Lena\Desktop\Fcmp\Fcmp-react\src\client\styles\postsList.css.js">
          <metrics statements="0" coveredstatements="0" conditionals="0" coveredconditionals="0" methods="0" coveredmethods="0"/>
        </file>
      </package>
      <package name="src.server">
        <metrics statements="41" coveredstatements="0" conditionals="8" coveredconditionals="0" methods="4" coveredmethods="0"/>
        <file name="index.js" path="C:\Users\Lena\Desktop\Fcmp\Fcmp-react\src\server\index.js">
          <metrics statements="41" coveredstatements="0" conditionals="8" coveredconditionals="0" methods="4" coveredmethods="0"/>
          <line num="1" count="0" type="stmt"/>
          <line num="2" count="0" type="stmt"/>
          <line num="3" count="0" type="stmt"/>
          <line num="4" count="0" type="stmt"/>
          <line num="5" count="0" type="stmt"/>
          <line num="6" count="0" type="stmt"/>
          <line num="7" count="0" type="stmt"/>
          <line num="8" count="0" type="stmt"/>
          <line num="9" count="0" type="stmt"/>
          <line num="10" count="0" type="stmt"/>
          <line num="11" count="0" type="stmt"/>
          <line num="12" count="0" type="stmt"/>
          <line num="16" count="0" type="stmt"/>
          <line num="20" count="0" type="stmt"/>
          <line num="21" count="0" type="stmt"/>
          <line num="22" count="0" type="cond" truecount="0" falsecount="2"/>
          <line num="23" count="0" type="stmt"/>
          <line num="25" count="0" type="stmt"/>
          <line num="30" count="0" type="stmt"/>
          <line num="32" count="0" type="stmt"/>
          <line num="33" count="0" type="stmt"/>
          <line num="37" count="0" type="stmt"/>
          <line num="40" count="0" type="cond" truecount="0" falsecount="2"/>
          <line num="41" count="0" type="stmt"/>
          <line num="43" count="0" type="stmt"/>
          <line num="48" count="0" type="stmt"/>
          <line num="54" count="0" type="stmt"/>
          <line num="55" count="0" type="stmt"/>
          <line num="59" count="0" type="stmt"/>
          <line num="60" count="0" type="stmt"/>
          <line num="61" count="0" type="stmt"/>
          <line num="62" count="0" type="stmt"/>
          <line num="63" count="0" type="stmt"/>
          <line num="64" count="0" type="stmt"/>
          <line num="66" count="0" type="cond" truecount="0" falsecount="2"/>
          <line num="70" count="0" type="stmt"/>
          <line num="89" count="0" type="stmt"/>
          <line num="93" count="0" type="stmt"/>
          <line num="94" count="0" type="cond" truecount="0" falsecount="2"/>
          <line num="95" count="0" type="stmt"/>
          <line num="97" count="0" type="stmt"/>
        </file>
      </package>
      <package name="src.server.config">
        <metrics statements="34" coveredstatements="0" conditionals="2" coveredconditionals="0" methods="3" coveredmethods="0"/>
        <file name="express.js" path="C:\Users\Lena\Desktop\Fcmp\Fcmp-react\src\server\config\express.js">
          <metrics statements="25" coveredstatements="0" conditionals="2" coveredconditionals="0" methods="0" coveredmethods="0"/>
          <line num="1" count="0" type="stmt"/>
          <line num="2" count="0" type="stmt"/>
          <line num="3" count="0" type="stmt"/>
          <line num="4" count="0" type="stmt"/>
          <line num="5" count="0" type="stmt"/>
          <line num="6" count="0" type="stmt"/>
          <line num="8" count="0" type="stmt"/>
          <line num="11" count="0" type="stmt"/>
          <line num="12" count="0" type="stmt"/>
          <line num="17" count="0" type="stmt"/>
          <line num="19" count="0" type="stmt"/>
          <line num="20" count="0" type="stmt"/>
          <line num="21" count="0" type="stmt"/>
          <line num="23" count="0" type="stmt"/>
          <line num="39" count="0" type="stmt"/>
          <line num="41" count="0" type="stmt"/>
          <line num="42" count="0" type="stmt"/>
          <line num="43" count="0" type="stmt"/>
          <line num="44" count="0" type="cond" truecount="0" falsecount="2"/>
          <line num="45" count="0" type="stmt"/>
          <line num="46" count="0" type="stmt"/>
          <line num="47" count="0" type="stmt"/>
          <line num="50" count="0" type="stmt"/>
          <line num="52" count="0" type="stmt"/>
          <line num="53" count="0" type="stmt"/>
        </file>
        <file name="passport.js" path="C:\Users\Lena\Desktop\Fcmp\Fcmp-react\src\server\config\passport.js">
          <metrics statements="8" coveredstatements="0" conditionals="0" coveredconditionals="0" methods="3" coveredmethods="0"/>
          <line num="2" count="0" type="stmt"/>
          <line num="3" count="0" type="stmt"/>
          <line num="13" count="0" type="stmt"/>
          <line num="14" count="0" type="stmt"/>
          <line num="17" count="0" type="stmt"/>
          <line num="18" count="0" type="stmt"/>
          <line num="19" count="0" type="stmt"/>
          <line num="24" count="0" type="stmt"/>
        </file>
        <file name="secrets.js" path="C:\Users\Lena\Desktop\Fcmp\Fcmp-react\src\server\config\secrets.js">
          <metrics statements="1" coveredstatements="0" conditionals="0" coveredconditionals="0" methods="0" coveredmethods="0"/>
          <line num="1" count="0" type="stmt"/>
        </file>
      </package>
      <package name="src.server.config.passport-strategies">
        <metrics statements="9" coveredstatements="0" conditionals="4" coveredconditionals="0" methods="3" coveredmethods="0"/>
        <file name="local.js" path="C:\Users\Lena\Desktop\Fcmp\Fcmp-react\src\server\config\passport-strategies\local.js">
          <metrics statements="9" coveredstatements="0" conditionals="4" coveredconditionals="0" methods="3" coveredmethods="0"/>
          <line num="5" count="0" type="stmt"/>
          <line num="6" count="0" type="stmt"/>
          <line num="8" count="0" type="stmt"/>
          <line num="17" count="0" type="stmt"/>
          <line num="18" count="0" type="cond" truecount="0" falsecount="2"/>
          <line num="19" count="0" type="stmt"/>
          <line num="20" count="0" type="cond" truecount="0" falsecount="2"/>
          <line num="21" count="0" type="stmt"/>
          <line num="23" count="0" type="stmt"/>
        </file>
      </package>
      <package name="src.server.controllers">
        <metrics statements="64" coveredstatements="0" conditionals="20" coveredconditionals="0" methods="18" coveredmethods="0"/>
        <file name="blogs.js" path="C:\Users\Lena\Desktop\Fcmp\Fcmp-react\src\server\controllers\blogs.js">
          <metrics statements="37" coveredstatements="0" conditionals="10" coveredconditionals="0" methods="11" coveredmethods="0"/>
          <line num="1" count="0" type="stmt"/>
          <line num="2" count="0" type="stmt"/>
          <line num="3" count="0" type="stmt"/>
          <line num="5" count="0" type="stmt"/>
          <line num="7" count="0" type="stmt"/>
          <line num="8" count="0" type="stmt"/>
          <line num="9" count="0" type="stmt"/>
          <line num="13" count="0" type="stmt"/>
          <line num="15" count="0" type="cond" truecount="0" falsecount="2"/>
          <line num="16" count="0" type="stmt"/>
          <line num="18" count="0" type="stmt"/>
          <line num="22" count="0" type="stmt"/>
          <line num="23" count="0" type="stmt"/>
          <line num="25" count="0" type="stmt"/>
          <line num="29" count="0" type="stmt"/>
          <line num="30" count="0" type="stmt"/>
          <line num="36" count="0" type="stmt"/>
          <line num="38" count="0" type="stmt"/>
          <line num="39" count="0" type="stmt"/>
          <line num="42" count="0" type="stmt"/>
          <line num="43" count="0" type="stmt"/>
          <line num="44" count="0" type="stmt"/>
          <line num="48" count="0" type="stmt"/>
          <line num="50" count="0" type="cond" truecount="0" falsecount="2"/>
          <line num="51" count="0" type="stmt"/>
          <line num="53" count="0" type="stmt"/>
          <line num="57" count="0" type="stmt"/>
          <line num="58" count="0" type="stmt"/>
          <line num="59" count="0" type="stmt"/>
          <line num="62" count="0" type="stmt"/>
          <line num="67" count="0" type="stmt"/>
          <line num="69" count="0" type="cond" truecount="0" falsecount="2"/>
          <line num="70" count="0" type="stmt"/>
          <line num="72" count="0" type="cond" truecount="0" falsecount="2"/>
          <line num="73" count="0" type="cond" truecount="0" falsecount="2"/>
          <line num="74" count="0" type="stmt"/>
          <line num="76" count="0" type="stmt"/>
        </file>
        <file name="users.js" path="C:\Users\Lena\Desktop\Fcmp\Fcmp-react\src\server\controllers\users.js">
          <metrics statements="27" coveredstatements="0" conditionals="10" coveredconditionals="0" methods="7" coveredmethods="0"/>
          <line num="1" count="0" type="stmt"/>
          <line num="2" count="0" type="stmt"/>
          <line num="3" count="0" type="stmt"/>
          <line num="7" count="0" type="stmt"/>
          <line num="9" count="0" type="stmt"/>
          <line num="10" count="0" type="cond" truecount="0" falsecount="2"/>
          <line num="11" count="0" type="cond" truecount="0" falsecount="2"/>
          <line num="12" count="0" type="stmt"/>
          <line num="22" count="0" type="stmt"/>
          <line num="23" count="0" type="cond" truecount="0" falsecount="2"/>
          <line num="24" count="0" type="stmt"/>
          <line num="26" count="0" type="stmt"/>
          <line num="33" count="0" type="stmt"/>
          <line num="35" count="0" type="stmt"/>
          <line num="36" count="0" type="stmt"/>
          <line num="41" count="0" type="stmt"/>
          <line num="42" count="0" type="stmt"/>
          <line num="44" count="0" type="cond" truecount="0" falsecount="2"/>
          <line num="45" count="0" type="stmt"/>
          <line num="46" count="0" type="stmt"/>
          <line num="50" count="0" type="stmt"/>
          <line num="51" count="0" type="cond" truecount="0" falsecount="2"/>
          <line num="52" count="0" type="stmt"/>
          <line num="53" count="0" type="stmt"/>
          <line num="54" count="0" type="stmt"/>
          <line num="56" count="0" type="stmt"/>
          <line num="57" count="0" type="stmt"/>
        </file>
      </package>
      <package name="src.server.models">
        <metrics statements="23" coveredstatements="0" conditionals="8" coveredconditionals="0" methods="5" coveredmethods="0"/>
        <file name="Blog.js" path="C:\Users\Lena\Desktop\Fcmp\Fcmp-react\src\server\models\Blog.js">
          <metrics statements="4" coveredstatements="0" conditionals="0" coveredconditionals="0" methods="0" coveredmethods="0"/>
          <line num="1" count="0" type="stmt"/>
          <line num="2" count="0" type="stmt"/>
          <line num="5" count="0" type="stmt"/>
          <line num="11" count="0" type="stmt"/>
        </file>
        <file name="User.js" path="C:\Users\Lena\Desktop\Fcmp\Fcmp-react\src\server\models\User.js">
          <metrics statements="19" coveredstatements="0" conditionals="8" coveredconditionals="0" methods="5" coveredmethods="0"/>
          <line num="1" count="0" type="stmt"/>
          <line num="2" count="0" type="stmt"/>
          <line num="4" count="0" type="stmt"/>
          <line num="5" count="0" type="stmt"/>
          <line num="7" count="0" type="stmt"/>
          <line num="19" count="0" type="stmt"/>
          <line num="20" count="0" type="stmt"/>
          <line num="22" count="0" type="cond" truecount="0" falsecount="2"/>
          <line num="23" count="0" type="stmt"/>
          <line num="24" count="0" type="cond" truecount="0" falsecount="2"/>
          <line num="25" count="0" type="stmt"/>
          <line num="26" count="0" type="cond" truecount="0" falsecount="2"/>
          <line num="27" count="0" type="stmt"/>
          <line num="28" count="0" type="stmt"/>
          <line num="36" count="0" type="stmt"/>
          <line num="38" count="0" type="stmt"/>
          <line num="39" count="0" type="cond" truecount="0" falsecount="2"/>
          <line num="40" count="0" type="stmt"/>
          <line num="48" count="0" type="stmt"/>
        </file>
      </package>
    </metrics>
  </project>
</coverage>
