{"D:\\Fcmp\\Fcmp-react\\src\\constants.js": {"path":"D:\\Fcmp\\Fcmp-react\\src\\constants.js","statementMap":{"0":{"start":{"line":1,"column":33},"end":{"line":1,"column":52}},"1":{"start":{"line":2,"column":34},"end":{"line":2,"column":54}},"2":{"start":{"line":3,"column":32},"end":{"line":3,"column":50}},"3":{"start":{"line":4,"column":27},"end":{"line":4,"column":40}},"4":{"start":{"line":5,"column":35},"end":{"line":5,"column":56}},"5":{"start":{"line":6,"column":33},"end":{"line":6,"column":52}},"6":{"start":{"line":7,"column":27},"end":{"line":7,"column":40}},"7":{"start":{"line":8,"column":35},"end":{"line":8,"column":56}},"8":{"start":{"line":9,"column":33},"end":{"line":9,"column":52}},"9":{"start":{"line":10,"column":29},"end":{"line":10,"column":44}},"10":{"start":{"line":11,"column":37},"end":{"line":11,"column":60}},"11":{"start":{"line":12,"column":35},"end":{"line":12,"column":56}},"12":{"start":{"line":15,"column":32},"end":{"line":15,"column":50}},"13":{"start":{"line":16,"column":33},"end":{"line":16,"column":52}},"14":{"start":{"line":17,"column":31},"end":{"line":17,"column":48}},"15":{"start":{"line":20,"column":30},"end":{"line":20,"column":47}},"16":{"start":{"line":21,"column":33},"end":{"line":21,"column":52}},"17":{"start":{"line":22,"column":31},"end":{"line":22,"column":48}},"18":{"start":{"line":24,"column":37},"end":{"line":24,"column":60}}},"fnMap":{},"branchMap":{},"s":{"0":3,"1":3,"2":3,"3":3,"4":3,"5":3,"6":3,"7":3,"8":3,"9":3,"10":3,"11":3,"12":3,"13":3,"14":3,"15":3,"16":3,"17":3,"18":3},"f":{},"b":{},"_coverageSchema":"332fd63041d2c1bcb487cc26dd0d5f7d97098a6c","hash":"68766d4513427272333c4263b9342030528017c1"}
,"D:\\Fcmp\\Fcmp-react\\src\\client\\client.js": {"path":"D:\\Fcmp\\Fcmp-react\\src\\client\\client.js","statementMap":{"0":{"start":{"line":1,"column":0},"end":{"line":null,"column":-1}},"1":{"start":{"line":2,"column":0},"end":{"line":null,"column":-1}},"2":{"start":{"line":3,"column":0},"end":{"line":null,"column":-1}},"3":{"start":{"line":4,"column":0},"end":{"line":null,"column":-1}},"4":{"start":{"line":5,"column":0},"end":{"line":null,"column":-1}},"5":{"start":{"line":6,"column":0},"end":{"line":null,"column":-1}},"6":{"start":{"line":7,"column":0},"end":{"line":null,"column":-1}},"7":{"start":{"line":8,"column":0},"end":{"line":null,"column":-1}},"8":{"start":{"line":10,"column":0},"end":{"line":null,"column":-1}},"9":{"start":{"line":11,"column":0},"end":{"line":null,"column":-1}},"10":{"start":{"line":12,"column":0},"end":{"line":null,"column":-1}},"11":{"start":{"line":14,"column":19},"end":{"line":14,"column":0}},"12":{"start":{"line":19,"column":0},"end":{"line":21,"column":1}},"13":{"start":{"line":20,"column":2},"end":{"line":null,"column":-1}},"14":{"start":{"line":23,"column":25},"end":{"line":23,"column":0}},"15":{"start":{"line":24,"column":14},"end":{"line":24,"column":0}},"16":{"start":{"line":27,"column":16},"end":{"line":27,"column":0}},"17":{"start":{"line":28,"column":15},"end":{"line":28,"column":0}},"18":{"start":{"line":30,"column":0},"end":{"line":null,"column":-1}}},"fnMap":{},"branchMap":{"0":{"loc":{"start":{"line":19,"column":0},"end":{"line":21,"column":1}},"type":"if","locations":[{"start":{"line":19,"column":0},"end":{"line":21,"column":1}},{"start":{"line":19,"column":0},"end":{"line":21,"column":1}}]}},"s":{"0":0,"1":0,"2":0,"3":0,"4":0,"5":0,"6":0,"7":0,"8":0,"9":0,"10":0,"11":0,"12":0,"13":0,"14":0,"15":0,"16":0,"17":0,"18":0},"f":{},"b":{"0":[0,0]}}
,"D:\\Fcmp\\Fcmp-react\\src\\client\\routes.js": {"path":"D:\\Fcmp\\Fcmp-react\\src\\client\\routes.js","statementMap":{"0":{"start":{"line":1,"column":0},"end":{"line":null,"column":-1}},"1":{"start":{"line":2,"column":0},"end":{"line":null,"column":-1}},"2":{"start":{"line":3,"column":0},"end":{"line":null,"column":-1}},"3":{"start":{"line":4,"column":0},"end":{"line":null,"column":-1}},"4":{"start":{"line":5,"column":0},"end":{"line":null,"column":-1}},"5":{"start":{"line":6,"column":0},"end":{"line":null,"column":-1}},"6":{"start":{"line":7,"column":0},"end":{"line":null,"column":-1}},"7":{"start":{"line":10,"column":22},"end":{"line":10,"column":2}},"8":{"start":{"line":11,"column":40},"end":{"line":10,"column":56}},"9":{"start":{"line":10,"column":56},"end":{"line":10,"column":55}},"10":{"start":{"line":13,"column":4},"end":{"line":18,"column":5}},"11":{"start":{"line":14,"column":6},"end":{"line":null,"column":-1}},"12":{"start":{"line":19,"column":4},"end":{"line":null,"column":-1}},"13":{"start":{"line":22,"column":2},"end":{"line":null,"column":-1}}},"fnMap":{"0":{"name":"requireAuth","decl":{"start":{"line":10,"column":8},"end":{"line":10,"column":22}},"loc":{"start":{"line":10,"column":56},"end":{"line":10,"column":2}}}},"branchMap":{"0":{"loc":{"start":{"line":13,"column":4},"end":{"line":18,"column":5}},"type":"if","locations":[{"start":{"line":13,"column":4},"end":{"line":18,"column":5}},{"start":{"line":13,"column":4},"end":{"line":18,"column":5}}]}},"s":{"0":0,"1":0,"2":0,"3":0,"4":0,"5":0,"6":0,"7":0,"8":0,"9":0,"10":0,"11":0,"12":0,"13":0},"f":{"0":0},"b":{"0":[0,0]}}
,"D:\\Fcmp\\Fcmp-react\\src\\client\\components\\App\\App.js": {"path":"D:\\Fcmp\\Fcmp-react\\src\\client\\components\\App\\App.js","statementMap":{"0":{"start":{"line":13,"column":4},"end":{"line":13,"column":26}},"1":{"start":{"line":16,"column":4},"end":{"line":43,"column":6}}},"fnMap":{"0":{"name":"(anonymous_0)","decl":{"start":{"line":12,"column":2},"end":{"line":12,"column":3}},"loc":{"start":{"line":12,"column":30},"end":{"line":14,"column":3}},"line":12},"1":{"name":"(anonymous_1)","decl":{"start":{"line":15,"column":2},"end":{"line":15,"column":3}},"loc":{"start":{"line":15,"column":11},"end":{"line":44,"column":3}},"line":15}},"branchMap":{},"s":{"0":1,"1":1},"f":{"0":1,"1":1},"b":{},"_coverageSchema":"332fd63041d2c1bcb487cc26dd0d5f7d97098a6c","hash":"4ba1580dc69d52c440fe01edc87c53617d360fde"}
,"D:\\Fcmp\\Fcmp-react\\src\\client\\components\\App\\index.js": {"path":"D:\\Fcmp\\Fcmp-react\\src\\client\\components\\App\\index.js","statementMap":{},"fnMap":{},"branchMap":{},"s":{},"f":{},"b":{},"_coverageSchema":"332fd63041d2c1bcb487cc26dd0d5f7d97098a6c","hash":"8de6ee59d9f058c83b16207ef39c8b404dc7e02a"}
,"D:\\Fcmp\\Fcmp-react\\src\\client\\components\\LoginPage\\Login.js": {"path":"D:\\Fcmp\\Fcmp-react\\src\\client\\components\\LoginPage\\Login.js","statementMap":{"0":{"start":{"line":6,"column":26},"end":{"line":8,"column":1}},"1":{"start":{"line":14,"column":6},"end":{"line":14,"column":19}},"2":{"start":{"line":15,"column":6},"end":{"line":15,"column":38}},"3":{"start":{"line":19,"column":2},"end":{"line":19,"column":24}},"4":{"start":{"line":20,"column":16},"end":{"line":20,"column":59}},"5":{"start":{"line":21,"column":19},"end":{"line":21,"column":65}},"6":{"start":{"line":24,"column":2},"end":{"line":35,"column":4}},"7":{"start":{"line":29,"column":3},"end":{"line":34,"column":4}},"8":{"start":{"line":31,"column":4},"end":{"line":33,"column":6}},"9":{"start":{"line":40,"column":4},"end":{"line":49,"column":4}}},"fnMap":{"0":{"name":"(anonymous_0)","decl":{"start":{"line":13,"column":2},"end":{"line":13,"column":3}},"loc":{"start":{"line":13,"column":21},"end":{"line":16,"column":3}},"line":13},"1":{"name":"(anonymous_1)","decl":{"start":{"line":18,"column":17},"end":{"line":18,"column":18}},"loc":{"start":{"line":18,"column":28},"end":{"line":37,"column":2}},"line":18},"2":{"name":"(anonymous_2)","decl":{"start":{"line":28,"column":8},"end":{"line":28,"column":9}},"loc":{"start":{"line":28,"column":26},"end":{"line":35,"column":3}},"line":28},"3":{"name":"(anonymous_3)","decl":{"start":{"line":39,"column":1},"end":{"line":39,"column":2}},"loc":{"start":{"line":39,"column":9},"end":{"line":50,"column":3}},"line":39}},"branchMap":{"0":{"loc":{"start":{"line":29,"column":3},"end":{"line":34,"column":4}},"type":"if","locations":[{"start":{"line":29,"column":3},"end":{"line":34,"column":4}},{"start":{"line":29,"column":3},"end":{"line":34,"column":4}}],"line":29}},"s":{"0":1,"1":2,"2":2,"3":0,"4":0,"5":0,"6":0,"7":0,"8":0,"9":2},"f":{"0":2,"1":0,"2":0,"3":2},"b":{"0":[0,0]},"_coverageSchema":"332fd63041d2c1bcb487cc26dd0d5f7d97098a6c","hash":"f5d89dacedf6a634030e0d1d0696a76ae6b7727c"}
,"D:\\Fcmp\\Fcmp-react\\src\\client\\components\\LoginPage\\LoginContainer.js": {"path":"D:\\Fcmp\\Fcmp-react\\src\\client\\components\\LoginPage\\LoginContainer.js","statementMap":{"0":{"start":{"line":9,"column":24},"end":{"line":20,"column":1}},"1":{"start":{"line":10,"column":21},"end":{"line":10,"column":24}},"2":{"start":{"line":12,"column":2},"end":{"line":14,"column":18}},"3":{"start":{"line":13,"column":4},"end":{"line":13,"column":56}},"4":{"start":{"line":16,"column":2},"end":{"line":19,"column":4}}},"fnMap":{"0":{"name":"(anonymous_0)","decl":{"start":{"line":9,"column":24},"end":{"line":9,"column":25}},"loc":{"start":{"line":9,"column":45},"end":{"line":20,"column":1}},"line":9}},"branchMap":{},"s":{"0":1,"1":2,"2":2,"3":2,"4":2},"f":{"0":2},"b":{},"_coverageSchema":"332fd63041d2c1bcb487cc26dd0d5f7d97098a6c","hash":"91cc6b172203536a49e91bf33f3625fca26328a1"}
,"D:\\Fcmp\\Fcmp-react\\src\\client\\components\\LoginPage\\index.js": {"path":"D:\\Fcmp\\Fcmp-react\\src\\client\\components\\LoginPage\\index.js","statementMap":{},"fnMap":{},"branchMap":{},"s":{},"f":{},"b":{},"_coverageSchema":"332fd63041d2c1bcb487cc26dd0d5f7d97098a6c","hash":"3d1f58e3cc1712463751feca1c52114c2347a9b7"}
,"D:\\Fcmp\\Fcmp-react\\src\\client\\components\\MainPage\\MainPage.js": {"path":"D:\\Fcmp\\Fcmp-react\\src\\client\\components\\MainPage\\MainPage.js","statementMap":{"0":{"start":{"line":1,"column":0},"end":{"line":null,"column":-1}},"1":{"start":{"line":5,"column":4},"end":{"line":null,"column":-1}}},"fnMap":{},"branchMap":{},"s":{"0":0,"1":0},"f":{},"b":{}}
,"D:\\Fcmp\\Fcmp-react\\src\\client\\components\\MainPage\\index.js": {"path":"D:\\Fcmp\\Fcmp-react\\src\\client\\components\\MainPage\\index.js","statementMap":{"0":{"start":{"line":1,"column":0},"end":{"line":null,"column":-1}}},"fnMap":{},"branchMap":{},"s":{"0":0},"f":{},"b":{}}
,"D:\\Fcmp\\Fcmp-react\\src\\client\\components\\Posts\\AddPost.jsx": {"path":"D:\\Fcmp\\Fcmp-react\\src\\client\\components\\Posts\\AddPost.jsx","statementMap":{"0":{"start":{"line":1,"column":0},"end":{"line":null,"column":-1}},"1":{"start":{"line":2,"column":0},"end":{"line":null,"column":-1}},"2":{"start":{"line":4,"column":0},"end":{"line":null,"column":-1}},"3":{"start":{"line":6,"column":0},"end":{"line":null,"column":-1}},"4":{"start":{"line":10,"column":24},"end":{"line":9,"column":11}},"5":{"start":{"line":12,"column":4},"end":{"line":null,"column":-1}},"6":{"start":{"line":18,"column":25},"end":{"line":18,"column":0}},"7":{"start":{"line":19,"column":2},"end":{"line":null,"column":-1}},"8":{"start":{"line":21,"column":6},"end":{"line":null,"column":-1}}},"fnMap":{"0":{"name":"mapDispatchProps","decl":{"start":{"line":18,"column":6},"end":{"line":18,"column":25}},"loc":{"start":{"line":18,"column":39},"end":{"line":18,"column":0}}},"1":{"name":"onClick","decl":{"start":{"line":20,"column":13},"end":{"line":20,"column":13}},"loc":{"start":{"line":20,"column":38},"end":{"line":22,"column":5}}}},"branchMap":{},"s":{"0":0,"1":0,"2":0,"3":0,"4":0,"5":0,"6":0,"7":0,"8":0},"f":{"0":0,"1":0},"b":{}}
,"D:\\Fcmp\\Fcmp-react\\src\\client\\components\\Posts\\AddPostForm.jsx": {"path":"D:\\Fcmp\\Fcmp-react\\src\\client\\components\\Posts\\AddPostForm.jsx","statementMap":{"0":{"start":{"line":1,"column":0},"end":{"line":null,"column":-1}},"1":{"start":{"line":2,"column":0},"end":{"line":null,"column":-1}},"2":{"start":{"line":6,"column":11},"end":{"line":null,"column":-1}},"3":{"start":{"line":7,"column":8},"end":{"line":7,"column":4}},"4":{"start":{"line":8,"column":8},"end":{"line":8,"column":4}},"5":{"start":{"line":9,"column":8},"end":{"line":9,"column":4}},"6":{"start":{"line":11,"column":4},"end":{"line":null,"column":-1}},"7":{"start":{"line":18,"column":14},"end":{"line":null,"column":-1}},"8":{"start":{"line":26,"column":14},"end":{"line":null,"column":-1}},"9":{"start":{"line":35,"column":12},"end":{"line":null,"column":-1}},"10":{"start":{"line":41,"column":12},"end":{"line":null,"column":-1}},"11":{"start":{"line":42,"column":12},"end":{"line":null,"column":-1}},"12":{"start":{"line":43,"column":12},"end":{"line":null,"column":-1}},"13":{"start":{"line":44,"column":12},"end":{"line":null,"column":-1}}},"fnMap":{"0":{"name":"ref","decl":{"start":{"line":17,"column":24},"end":{"line":17,"column":31}},"loc":{"start":{"line":17,"column":32},"end":{"line":17,"column":12}}},"1":{"name":"ref","decl":{"start":{"line":25,"column":24},"end":{"line":25,"column":31}},"loc":{"start":{"line":25,"column":32},"end":{"line":25,"column":12}}},"2":{"name":"ref","decl":{"start":{"line":34,"column":25},"end":{"line":34,"column":32}},"loc":{"start":{"line":34,"column":33},"end":{"line":34,"column":10}}},"3":{"name":"onClick","decl":{"start":{"line":40,"column":27},"end":{"line":40,"column":32}},"loc":{"start":{"line":40,"column":33},"end":{"line":45,"column":11}}}},"branchMap":{},"s":{"0":0,"1":0,"2":0,"3":0,"4":0,"5":0,"6":0,"7":0,"8":0,"9":0,"10":0,"11":0,"12":0,"13":0},"f":{"0":0,"1":0,"2":0,"3":0},"b":{}}
,"D:\\Fcmp\\Fcmp-react\\src\\client\\components\\Posts\\Filter.jsx": {"path":"D:\\Fcmp\\Fcmp-react\\src\\client\\components\\Posts\\Filter.jsx","statementMap":{"0":{"start":{"line":1,"column":0},"end":{"line":null,"column":-1}},"1":{"start":{"line":2,"column":0},"end":{"line":null,"column":-1}},"2":{"start":{"line":6,"column":11},"end":{"line":null,"column":-1}},"3":{"start":{"line":7,"column":8},"end":{"line":7,"column":4}},"4":{"start":{"line":9,"column":4},"end":{"line":null,"column":-1}},"5":{"start":{"line":15,"column":12},"end":{"line":null,"column":-1}},"6":{"start":{"line":18,"column":12},"end":{"line":null,"column":-1}}},"fnMap":{"0":{"name":"ref","decl":{"start":{"line":14,"column":15},"end":{"line":14,"column":22}},"loc":{"start":{"line":14,"column":23},"end":{"line":13,"column":8}}},"1":{"name":"onChange","decl":{"start":{"line":18,"column":12},"end":{"line":null,"column":-1}},"loc":{"start":{"line":18,"column":12},"end":{"line":null,"column":-1}}}},"branchMap":{},"s":{"0":0,"1":0,"2":0,"3":0,"4":0,"5":0,"6":0},"f":{"0":0,"1":0},"b":{}}
,"D:\\Fcmp\\Fcmp-react\\src\\client\\components\\Posts\\FilterBlock.jsx": {"path":"D:\\Fcmp\\Fcmp-react\\src\\client\\components\\Posts\\FilterBlock.jsx","statementMap":{"0":{"start":{"line":1,"column":0},"end":{"line":null,"column":-1}},"1":{"start":{"line":2,"column":0},"end":{"line":null,"column":-1}},"2":{"start":{"line":4,"column":0},"end":{"line":null,"column":-1}},"3":{"start":{"line":5,"column":0},"end":{"line":null,"column":-1}},"4":{"start":{"line":7,"column":22},"end":{"line":7,"column":0}},"5":{"start":{"line":10,"column":2},"end":{"line":null,"column":-1}},"6":{"start":{"line":15,"column":25},"end":{"line":15,"column":0}},"7":{"start":{"line":18,"column":2},"end":{"line":null,"column":-1}},"8":{"start":{"line":20,"column":6},"end":{"line":null,"column":-1}},"9":{"start":{"line":29,"column":31},"end":{"line":28,"column":11}},"10":{"start":{"line":31,"column":4},"end":{"line":null,"column":-1}}},"fnMap":{"0":{"name":"mapStateProps","decl":{"start":{"line":7,"column":6},"end":{"line":7,"column":22}},"loc":{"start":{"line":9,"column":5},"end":{"line":7,"column":0}}},"1":{"name":"mapDispatchProps","decl":{"start":{"line":15,"column":6},"end":{"line":15,"column":25}},"loc":{"start":{"line":17,"column":5},"end":{"line":15,"column":0}}},"2":{"name":"onFilterChange","decl":{"start":{"line":19,"column":20},"end":{"line":19,"column":20}},"loc":{"start":{"line":19,"column":30},"end":{"line":23,"column":5}}}},"branchMap":{},"s":{"0":0,"1":0,"2":0,"3":0,"4":0,"5":0,"6":0,"7":0,"8":0,"9":0,"10":0},"f":{"0":0,"1":0,"2":0},"b":{}}
,"D:\\Fcmp\\Fcmp-react\\src\\client\\components\\Posts\\Post.jsx": {"path":"D:\\Fcmp\\Fcmp-react\\src\\client\\components\\Posts\\Post.jsx","statementMap":{"0":{"start":{"line":7,"column":40},"end":{"line":7,"column":50}},"1":{"start":{"line":9,"column":4},"end":{"line":15,"column":6}}},"fnMap":{"0":{"name":"(anonymous_0)","decl":{"start":{"line":6,"column":2},"end":{"line":6,"column":3}},"loc":{"start":{"line":6,"column":11},"end":{"line":16,"column":3}},"line":6}},"branchMap":{},"s":{"0":3,"1":3},"f":{"0":3},"b":{},"_coverageSchema":"332fd63041d2c1bcb487cc26dd0d5f7d97098a6c","hash":"465803c06619ae1001827eb473fbb8d4d510f926"}
,"D:\\Fcmp\\Fcmp-react\\src\\client\\components\\Posts\\Posts.jsx": {"path":"D:\\Fcmp\\Fcmp-react\\src\\client\\components\\Posts\\Posts.jsx","statementMap":{"0":{"start":{"line":8,"column":22},"end":{"line":8,"column":32}},"1":{"start":{"line":10,"column":4},"end":{"line":20,"column":6}},"2":{"start":{"line":14,"column":12},"end":{"line":17,"column":14}}},"fnMap":{"0":{"name":"(anonymous_0)","decl":{"start":{"line":7,"column":2},"end":{"line":7,"column":3}},"loc":{"start":{"line":7,"column":11},"end":{"line":21,"column":3}},"line":7},"1":{"name":"(anonymous_1)","decl":{"start":{"line":13,"column":20},"end":{"line":13,"column":21}},"loc":{"start":{"line":14,"column":12},"end":{"line":17,"column":14}},"line":14}},"branchMap":{},"s":{"0":1,"1":1,"2":2},"f":{"0":1,"1":2},"b":{},"_coverageSchema":"332fd63041d2c1bcb487cc26dd0d5f7d97098a6c","hash":"08b20873c5410477ee9cf204ab3e966c15914569"}
,"D:\\Fcmp\\Fcmp-react\\src\\client\\components\\Posts\\PostsList.jsx": {"path":"D:\\Fcmp\\Fcmp-react\\src\\client\\components\\Posts\\PostsList.jsx","statementMap":{"0":{"start":{"line":1,"column":0},"end":{"line":null,"column":-1}},"1":{"start":{"line":2,"column":0},"end":{"line":null,"column":-1}},"2":{"start":{"line":5,"column":0},"end":{"line":null,"column":-1}},"3":{"start":{"line":6,"column":0},"end":{"line":null,"column":-1}},"4":{"start":{"line":12,"column":4},"end":{"line":null,"column":-1}},"5":{"start":{"line":17,"column":22},"end":{"line":15,"column":11}},"6":{"start":{"line":19,"column":4},"end":{"line":null,"column":-1}},"7":{"start":{"line":26,"column":24},"end":{"line":26,"column":0}},"8":{"start":{"line":30,"column":2},"end":{"line":null,"column":-1}},"9":{"start":{"line":32,"column":6},"end":{"line":null,"column":-1}},"10":{"start":{"line":34,"column":6},"end":{"line":null,"column":-1}},"11":{"start":{"line":35,"column":8},"end":{"line":null,"column":-1}},"12":{"start":{"line":40,"column":24},"end":{"line":40,"column":0}},"13":{"start":{"line":43,"column":2},"end":{"line":null,"column":-1}},"14":{"start":{"line":52,"column":25},"end":{"line":52,"column":0}},"15":{"start":{"line":53,"column":2},"end":{"line":null,"column":-1}},"16":{"start":{"line":55,"column":6},"end":{"line":null,"column":-1}}},"fnMap":{"0":{"name":"getVisiblePosts","decl":{"start":{"line":26,"column":6},"end":{"line":26,"column":24}},"loc":{"start":{"line":29,"column":5},"end":{"line":26,"column":0}}},"1":{"name":"(anonymous_12)","decl":{"start":{"line":34,"column":26},"end":{"line":34,"column":26}},"loc":{"start":{"line":34,"column":36},"end":{"line":34,"column":13}}},"2":{"name":"mapStateToProps","decl":{"start":{"line":40,"column":6},"end":{"line":40,"column":24}},"loc":{"start":{"line":42,"column":5},"end":{"line":40,"column":0}}},"3":{"name":"mapDispatchProps","decl":{"start":{"line":52,"column":6},"end":{"line":52,"column":25}},"loc":{"start":{"line":52,"column":39},"end":{"line":52,"column":0}}},"4":{"name":"getAllPosts","decl":{"start":{"line":54,"column":17},"end":{"line":54,"column":22}},"loc":{"start":{"line":54,"column":23},"end":{"line":56,"column":5}}}},"branchMap":{"0":{"loc":{"start":{"line":31,"column":4},"end":{"line":32,"column":6}},"type":"switch","locations":[{"start":{"line":31,"column":4},"end":{"line":32,"column":6}},{"start":{"line":33,"column":4},"end":{"line":34,"column":6}}]}},"s":{"0":0,"1":0,"2":0,"3":0,"4":0,"5":0,"6":0,"7":0,"8":0,"9":0,"10":0,"11":0,"12":0,"13":0,"14":0,"15":0,"16":0},"f":{"0":0,"1":0,"2":0,"3":0,"4":0},"b":{"0":[0,0]}}
,"D:\\Fcmp\\Fcmp-react\\src\\client\\components\\Posts\\PostsPage.js": {"path":"D:\\Fcmp\\Fcmp-react\\src\\client\\components\\Posts\\PostsPage.js","statementMap":{"0":{"start":{"line":1,"column":0},"end":{"line":null,"column":-1}},"1":{"start":{"line":2,"column":0},"end":{"line":null,"column":-1}},"2":{"start":{"line":3,"column":0},"end":{"line":null,"column":-1}},"3":{"start":{"line":4,"column":0},"end":{"line":null,"column":-1}},"4":{"start":{"line":8,"column":4},"end":{"line":null,"column":-1}}},"fnMap":{},"branchMap":{},"s":{"0":0,"1":0,"2":0,"3":0,"4":0},"f":{},"b":{}}
,"D:\\Fcmp\\Fcmp-react\\src\\client\\components\\Posts\\index.js": {"path":"D:\\Fcmp\\Fcmp-react\\src\\client\\components\\Posts\\index.js","statementMap":{"0":{"start":{"line":1,"column":0},"end":{"line":null,"column":-1}}},"fnMap":{},"branchMap":{},"s":{"0":0},"f":{},"b":{}}
,"D:\\Fcmp\\Fcmp-react\\src\\client\\components\\RegisterPage\\Register.js": {"path":"D:\\Fcmp\\Fcmp-react\\src\\client\\components\\RegisterPage\\Register.js","statementMap":{"0":{"start":{"line":5,"column":29},"end":{"line":7,"column":1}},"1":{"start":{"line":12,"column":6},"end":{"line":12,"column":19}},"2":{"start":{"line":13,"column":6},"end":{"line":13,"column":41}},"3":{"start":{"line":17,"column":2},"end":{"line":17,"column":24}},"4":{"start":{"line":18,"column":16},"end":{"line":18,"column":59}},"5":{"start":{"line":19,"column":19},"end":{"line":19,"column":65}},"6":{"start":{"line":22,"column":2},"end":{"line":33,"column":4}},"7":{"start":{"line":27,"column":3},"end":{"line":32,"column":4}},"8":{"start":{"line":29,"column":4},"end":{"line":31,"column":6}},"9":{"start":{"line":38,"column":4},"end":{"line":47,"column":4}}},"fnMap":{"0":{"name":"(anonymous_0)","decl":{"start":{"line":11,"column":2},"end":{"line":11,"column":3}},"loc":{"start":{"line":11,"column":21},"end":{"line":14,"column":3}},"line":11},"1":{"name":"(anonymous_1)","decl":{"start":{"line":16,"column":20},"end":{"line":16,"column":21}},"loc":{"start":{"line":16,"column":31},"end":{"line":35,"column":2}},"line":16},"2":{"name":"(anonymous_2)","decl":{"start":{"line":26,"column":8},"end":{"line":26,"column":9}},"loc":{"start":{"line":26,"column":29},"end":{"line":33,"column":3}},"line":26},"3":{"name":"(anonymous_3)","decl":{"start":{"line":37,"column":1},"end":{"line":37,"column":2}},"loc":{"start":{"line":37,"column":10},"end":{"line":48,"column":3}},"line":37}},"branchMap":{"0":{"loc":{"start":{"line":27,"column":3},"end":{"line":32,"column":4}},"type":"if","locations":[{"start":{"line":27,"column":3},"end":{"line":32,"column":4}},{"start":{"line":27,"column":3},"end":{"line":32,"column":4}}],"line":27}},"s":{"0":1,"1":2,"2":2,"3":0,"4":0,"5":0,"6":0,"7":0,"8":0,"9":2},"f":{"0":2,"1":0,"2":0,"3":2},"b":{"0":[0,0]},"_coverageSchema":"332fd63041d2c1bcb487cc26dd0d5f7d97098a6c","hash":"f6888131a6c719dd9d234a07e6b25e05674e18c4"}
,"D:\\Fcmp\\Fcmp-react\\src\\client\\components\\RegisterPage\\RegisterContainer.js": {"path":"D:\\Fcmp\\Fcmp-react\\src\\client\\components\\RegisterPage\\RegisterContainer.js","statementMap":{"0":{"start":{"line":6,"column":2},"end":{"line":6,"column":12}}},"fnMap":{"0":{"name":"mapStateToProps","decl":{"start":{"line":5,"column":9},"end":{"line":5,"column":24}},"loc":{"start":{"line":5,"column":32},"end":{"line":7,"column":1}},"line":5}},"branchMap":{},"s":{"0":2},"f":{"0":2},"b":{},"_coverageSchema":"332fd63041d2c1bcb487cc26dd0d5f7d97098a6c","hash":"8dbebb3f1d933c5b78b29686cbd6036f7205cd66"}
,"D:\\Fcmp\\Fcmp-react\\src\\client\\components\\RegisterPage\\index.js": {"path":"D:\\Fcmp\\Fcmp-react\\src\\client\\components\\RegisterPage\\index.js","statementMap":{},"fnMap":{},"branchMap":{},"s":{},"f":{},"b":{},"_coverageSchema":"332fd63041d2c1bcb487cc26dd0d5f7d97098a6c","hash":"e2a8d6f85164cb83089726011bc01d38d80da3a1"}
,"D:\\Fcmp\\Fcmp-react\\src\\client\\redux\\configureStore.js": {"path":"D:\\Fcmp\\Fcmp-react\\src\\client\\redux\\configureStore.js","statementMap":{"0":{"start":{"line":1,"column":0},"end":{"line":null,"column":-1}},"1":{"start":{"line":2,"column":0},"end":{"line":null,"column":-1}},"2":{"start":{"line":3,"column":0},"end":{"line":null,"column":-1}},"3":{"start":{"line":4,"column":0},"end":{"line":null,"column":-1}}},"fnMap":{},"branchMap":{},"s":{"0":0,"1":0,"2":0,"3":0},"f":{},"b":{}}
,"D:\\Fcmp\\Fcmp-react\\src\\client\\redux\\actions\\index.js": {"path":"D:\\Fcmp\\Fcmp-react\\src\\client\\redux\\actions\\index.js","statementMap":{"0":{"start":{"line":8,"column":29},"end":{"line":15,"column":1}},"1":{"start":{"line":9,"column":2},"end":{"line":14,"column":4}},"2":{"start":{"line":17,"column":26},"end":{"line":21,"column":1}},"3":{"start":{"line":18,"column":2},"end":{"line":20,"column":4}},"4":{"start":{"line":23,"column":29},"end":{"line":27,"column":1}},"5":{"start":{"line":24,"column":2},"end":{"line":26,"column":4}},"6":{"start":{"line":29,"column":31},"end":{"line":34,"column":1}},"7":{"start":{"line":30,"column":2},"end":{"line":33,"column":4}},"8":{"start":{"line":36,"column":29},"end":{"line":40,"column":1}},"9":{"start":{"line":37,"column":2},"end":{"line":39,"column":4}},"10":{"start":{"line":42,"column":28},"end":{"line":47,"column":1}},"11":{"start":{"line":43,"column":2},"end":{"line":46,"column":4}},"12":{"start":{"line":49,"column":26},"end":{"line":53,"column":1}},"13":{"start":{"line":50,"column":2},"end":{"line":52,"column":4}},"14":{"start":{"line":56,"column":27},"end":{"line":60,"column":1}},"15":{"start":{"line":57,"column":2},"end":{"line":59,"column":4}},"16":{"start":{"line":62,"column":29},"end":{"line":66,"column":1}},"17":{"start":{"line":63,"column":2},"end":{"line":65,"column":4}},"18":{"start":{"line":68,"column":27},"end":{"line":72,"column":1}},"19":{"start":{"line":69,"column":2},"end":{"line":71,"column":4}},"20":{"start":{"line":75,"column":29},"end":{"line":79,"column":1}},"21":{"start":{"line":76,"column":2},"end":{"line":78,"column":4}},"22":{"start":{"line":81,"column":31},"end":{"line":85,"column":1}},"23":{"start":{"line":82,"column":2},"end":{"line":84,"column":4}},"24":{"start":{"line":87,"column":29},"end":{"line":91,"column":1}},"25":{"start":{"line":88,"column":2},"end":{"line":90,"column":4}},"26":{"start":{"line":93,"column":24},"end":{"line":100,"column":1}},"27":{"start":{"line":95,"column":2},"end":{"line":99,"column":5}},"28":{"start":{"line":104,"column":27},"end":{"line":133,"column":1}},"29":{"start":{"line":108,"column":2},"end":{"line":132,"column":4}},"30":{"start":{"line":109,"column":4},"end":{"line":109,"column":27}},"31":{"start":{"line":111,"column":4},"end":{"line":131,"column":9}},"32":{"start":{"line":113,"column":8},"end":{"line":124,"column":9}},"33":{"start":{"line":114,"column":10},"end":{"line":114,"column":39}},"34":{"start":{"line":115,"column":10},"end":{"line":115,"column":19}},"35":{"start":{"line":118,"column":10},"end":{"line":118,"column":43}},"36":{"start":{"line":120,"column":10},"end":{"line":120,"column":33}},"37":{"start":{"line":121,"column":31},"end":{"line":121,"column":52}},"38":{"start":{"line":123,"column":10},"end":{"line":123,"column":30}},"39":{"start":{"line":127,"column":8},"end":{"line":130,"column":9}},"40":{"start":{"line":129,"column":10},"end":{"line":129,"column":49}},"41":{"start":{"line":137,"column":28},"end":{"line":159,"column":1}},"42":{"start":{"line":138,"column":2},"end":{"line":158,"column":4}},"43":{"start":{"line":139,"column":4},"end":{"line":139,"column":28}},"44":{"start":{"line":141,"column":4},"end":{"line":157,"column":9}},"45":{"start":{"line":143,"column":8},"end":{"line":150,"column":9}},"46":{"start":{"line":144,"column":10},"end":{"line":144,"column":36}},"47":{"start":{"line":147,"column":10},"end":{"line":147,"column":35}},"48":{"start":{"line":149,"column":10},"end":{"line":149,"column":34}},"49":{"start":{"line":153,"column":8},"end":{"line":156,"column":9}},"50":{"start":{"line":155,"column":10},"end":{"line":155,"column":49}},"51":{"start":{"line":161,"column":30},"end":{"line":184,"column":1}},"52":{"start":{"line":162,"column":2},"end":{"line":183,"column":4}},"53":{"start":{"line":163,"column":4},"end":{"line":163,"column":30}},"54":{"start":{"line":165,"column":4},"end":{"line":182,"column":9}},"55":{"start":{"line":167,"column":8},"end":{"line":175,"column":9}},"56":{"start":{"line":168,"column":10},"end":{"line":168,"column":38}},"57":{"start":{"line":169,"column":10},"end":{"line":169,"column":43}},"58":{"start":{"line":171,"column":10},"end":{"line":171,"column":36}},"59":{"start":{"line":172,"column":34},"end":{"line":172,"column":55}},"60":{"start":{"line":174,"column":10},"end":{"line":174,"column":33}},"61":{"start":{"line":178,"column":8},"end":{"line":181,"column":9}},"62":{"start":{"line":180,"column":10},"end":{"line":180,"column":49}},"63":{"start":{"line":187,"column":30},"end":{"line":211,"column":1}},"64":{"start":{"line":188,"column":2},"end":{"line":210,"column":4}},"65":{"start":{"line":189,"column":4},"end":{"line":189,"column":30}},"66":{"start":{"line":191,"column":4},"end":{"line":209,"column":9}},"67":{"start":{"line":193,"column":8},"end":{"line":202,"column":9}},"68":{"start":{"line":194,"column":10},"end":{"line":194,"column":51}},"69":{"start":{"line":198,"column":10},"end":{"line":198,"column":36}},"70":{"start":{"line":199,"column":34},"end":{"line":199,"column":55}},"71":{"start":{"line":201,"column":10},"end":{"line":201,"column":33}},"72":{"start":{"line":205,"column":8},"end":{"line":208,"column":9}},"73":{"start":{"line":207,"column":10},"end":{"line":207,"column":49}},"74":{"start":{"line":214,"column":22},"end":{"line":218,"column":1}},"75":{"start":{"line":215,"column":2},"end":{"line":217,"column":4}},"76":{"start":{"line":220,"column":27},"end":{"line":225,"column":1}},"77":{"start":{"line":221,"column":2},"end":{"line":224,"column":4}},"78":{"start":{"line":227,"column":25},"end":{"line":231,"column":1}},"79":{"start":{"line":228,"column":2},"end":{"line":230,"column":4}},"80":{"start":{"line":233,"column":27},"end":{"line":257,"column":1}},"81":{"start":{"line":234,"column":2},"end":{"line":256,"column":4}},"82":{"start":{"line":235,"column":4},"end":{"line":235,"column":30}},"83":{"start":{"line":237,"column":4},"end":{"line":255,"column":9}},"84":{"start":{"line":239,"column":8},"end":{"line":248,"column":9}},"85":{"start":{"line":240,"column":10},"end":{"line":240,"column":54}},"86":{"start":{"line":244,"column":10},"end":{"line":244,"column":39}},"87":{"start":{"line":245,"column":34},"end":{"line":245,"column":55}},"88":{"start":{"line":247,"column":10},"end":{"line":247,"column":33}},"89":{"start":{"line":251,"column":8},"end":{"line":254,"column":9}},"90":{"start":{"line":253,"column":10},"end":{"line":253,"column":49}}},"fnMap":{"0":{"name":"(anonymous_0)","decl":{"start":{"line":8,"column":29},"end":{"line":8,"column":30}},"loc":{"start":{"line":8,"column":39},"end":{"line":15,"column":1}},"line":8},"1":{"name":"(anonymous_1)","decl":{"start":{"line":17,"column":26},"end":{"line":17,"column":27}},"loc":{"start":{"line":17,"column":32},"end":{"line":21,"column":1}},"line":17},"2":{"name":"(anonymous_2)","decl":{"start":{"line":23,"column":29},"end":{"line":23,"column":30}},"loc":{"start":{"line":23,"column":35},"end":{"line":27,"column":1}},"line":23},"3":{"name":"(anonymous_3)","decl":{"start":{"line":29,"column":31},"end":{"line":29,"column":32}},"loc":{"start":{"line":29,"column":41},"end":{"line":34,"column":1}},"line":29},"4":{"name":"(anonymous_4)","decl":{"start":{"line":36,"column":29},"end":{"line":36,"column":30}},"loc":{"start":{"line":36,"column":35},"end":{"line":40,"column":1}},"line":36},"5":{"name":"(anonymous_5)","decl":{"start":{"line":42,"column":28},"end":{"line":42,"column":29}},"loc":{"start":{"line":42,"column":38},"end":{"line":47,"column":1}},"line":42},"6":{"name":"(anonymous_6)","decl":{"start":{"line":49,"column":26},"end":{"line":49,"column":27}},"loc":{"start":{"line":49,"column":32},"end":{"line":53,"column":1}},"line":49},"7":{"name":"(anonymous_7)","decl":{"start":{"line":56,"column":27},"end":{"line":56,"column":28}},"loc":{"start":{"line":56,"column":33},"end":{"line":60,"column":1}},"line":56},"8":{"name":"(anonymous_8)","decl":{"start":{"line":62,"column":29},"end":{"line":62,"column":30}},"loc":{"start":{"line":62,"column":35},"end":{"line":66,"column":1}},"line":62},"9":{"name":"(anonymous_9)","decl":{"start":{"line":68,"column":27},"end":{"line":68,"column":28}},"loc":{"start":{"line":68,"column":33},"end":{"line":72,"column":1}},"line":68},"10":{"name":"(anonymous_10)","decl":{"start":{"line":75,"column":29},"end":{"line":75,"column":30}},"loc":{"start":{"line":75,"column":35},"end":{"line":79,"column":1}},"line":75},"11":{"name":"(anonymous_11)","decl":{"start":{"line":81,"column":31},"end":{"line":81,"column":32}},"loc":{"start":{"line":81,"column":37},"end":{"line":85,"column":1}},"line":81},"12":{"name":"(anonymous_12)","decl":{"start":{"line":87,"column":29},"end":{"line":87,"column":30}},"loc":{"start":{"line":87,"column":35},"end":{"line":91,"column":1}},"line":87},"13":{"name":"(anonymous_13)","decl":{"start":{"line":93,"column":24},"end":{"line":93,"column":25}},"loc":{"start":{"line":93,"column":58},"end":{"line":100,"column":1}},"line":93},"14":{"name":"(anonymous_14)","decl":{"start":{"line":104,"column":27},"end":{"line":104,"column":28}},"loc":{"start":{"line":107,"column":5},"end":{"line":133,"column":1}},"line":107},"15":{"name":"(anonymous_15)","decl":{"start":{"line":108,"column":9},"end":{"line":108,"column":10}},"loc":{"start":{"line":108,"column":21},"end":{"line":132,"column":3}},"line":108},"16":{"name":"(anonymous_16)","decl":{"start":{"line":112,"column":12},"end":{"line":112,"column":13}},"loc":{"start":{"line":112,"column":24},"end":{"line":125,"column":7}},"line":112},"17":{"name":"(anonymous_17)","decl":{"start":{"line":126,"column":13},"end":{"line":126,"column":14}},"loc":{"start":{"line":126,"column":27},"end":{"line":131,"column":7}},"line":126},"18":{"name":"(anonymous_18)","decl":{"start":{"line":137,"column":28},"end":{"line":137,"column":29}},"loc":{"start":{"line":137,"column":34},"end":{"line":159,"column":1}},"line":137},"19":{"name":"(anonymous_19)","decl":{"start":{"line":138,"column":9},"end":{"line":138,"column":10}},"loc":{"start":{"line":138,"column":21},"end":{"line":158,"column":3}},"line":138},"20":{"name":"(anonymous_20)","decl":{"start":{"line":142,"column":12},"end":{"line":142,"column":13}},"loc":{"start":{"line":142,"column":24},"end":{"line":151,"column":7}},"line":142},"21":{"name":"(anonymous_21)","decl":{"start":{"line":152,"column":13},"end":{"line":152,"column":14}},"loc":{"start":{"line":152,"column":25},"end":{"line":157,"column":7}},"line":152},"22":{"name":"(anonymous_22)","decl":{"start":{"line":161,"column":30},"end":{"line":161,"column":31}},"loc":{"start":{"line":161,"column":40},"end":{"line":184,"column":1}},"line":161},"23":{"name":"(anonymous_23)","decl":{"start":{"line":162,"column":9},"end":{"line":162,"column":10}},"loc":{"start":{"line":162,"column":21},"end":{"line":183,"column":3}},"line":162},"24":{"name":"(anonymous_24)","decl":{"start":{"line":166,"column":12},"end":{"line":166,"column":13}},"loc":{"start":{"line":166,"column":24},"end":{"line":176,"column":7}},"line":166},"25":{"name":"(anonymous_25)","decl":{"start":{"line":177,"column":13},"end":{"line":177,"column":14}},"loc":{"start":{"line":177,"column":25},"end":{"line":182,"column":7}},"line":177},"26":{"name":"(anonymous_26)","decl":{"start":{"line":187,"column":30},"end":{"line":187,"column":31}},"loc":{"start":{"line":187,"column":40},"end":{"line":211,"column":1}},"line":187},"27":{"name":"(anonymous_27)","decl":{"start":{"line":188,"column":9},"end":{"line":188,"column":10}},"loc":{"start":{"line":188,"column":21},"end":{"line":210,"column":3}},"line":188},"28":{"name":"(anonymous_28)","decl":{"start":{"line":192,"column":12},"end":{"line":192,"column":13}},"loc":{"start":{"line":192,"column":24},"end":{"line":203,"column":7}},"line":192},"29":{"name":"(anonymous_29)","decl":{"start":{"line":204,"column":13},"end":{"line":204,"column":14}},"loc":{"start":{"line":204,"column":27},"end":{"line":209,"column":7}},"line":204},"30":{"name":"(anonymous_30)","decl":{"start":{"line":214,"column":22},"end":{"line":214,"column":23}},"loc":{"start":{"line":214,"column":28},"end":{"line":218,"column":1}},"line":214},"31":{"name":"(anonymous_31)","decl":{"start":{"line":220,"column":27},"end":{"line":220,"column":28}},"loc":{"start":{"line":220,"column":37},"end":{"line":225,"column":1}},"line":220},"32":{"name":"(anonymous_32)","decl":{"start":{"line":227,"column":25},"end":{"line":227,"column":26}},"loc":{"start":{"line":227,"column":35},"end":{"line":231,"column":1}},"line":227},"33":{"name":"(anonymous_33)","decl":{"start":{"line":233,"column":27},"end":{"line":233,"column":28}},"loc":{"start":{"line":233,"column":33},"end":{"line":257,"column":1}},"line":233},"34":{"name":"(anonymous_34)","decl":{"start":{"line":234,"column":9},"end":{"line":234,"column":10}},"loc":{"start":{"line":234,"column":21},"end":{"line":256,"column":3}},"line":234},"35":{"name":"(anonymous_35)","decl":{"start":{"line":238,"column":12},"end":{"line":238,"column":13}},"loc":{"start":{"line":238,"column":24},"end":{"line":249,"column":7}},"line":238},"36":{"name":"(anonymous_36)","decl":{"start":{"line":250,"column":13},"end":{"line":250,"column":14}},"loc":{"start":{"line":250,"column":27},"end":{"line":255,"column":7}},"line":250}},"branchMap":{"0":{"loc":{"start":{"line":93,"column":39},"end":{"line":93,"column":53}},"type":"default-arg","locations":[{"start":{"line":93,"column":45},"end":{"line":93,"column":53}}],"line":93},"1":{"loc":{"start":{"line":113,"column":8},"end":{"line":124,"column":9}},"type":"if","locations":[{"start":{"line":113,"column":8},"end":{"line":124,"column":9}},{"start":{"line":113,"column":8},"end":{"line":124,"column":9}}],"line":113},"2":{"loc":{"start":{"line":127,"column":8},"end":{"line":130,"column":9}},"type":"if","locations":[{"start":{"line":127,"column":8},"end":{"line":130,"column":9}},{"start":{"line":127,"column":8},"end":{"line":130,"column":9}}],"line":127},"3":{"loc":{"start":{"line":143,"column":8},"end":{"line":150,"column":9}},"type":"if","locations":[{"start":{"line":143,"column":8},"end":{"line":150,"column":9}},{"start":{"line":143,"column":8},"end":{"line":150,"column":9}}],"line":143},"4":{"loc":{"start":{"line":153,"column":8},"end":{"line":156,"column":9}},"type":"if","locations":[{"start":{"line":153,"column":8},"end":{"line":156,"column":9}},{"start":{"line":153,"column":8},"end":{"line":156,"column":9}}],"line":153},"5":{"loc":{"start":{"line":167,"column":8},"end":{"line":175,"column":9}},"type":"if","locations":[{"start":{"line":167,"column":8},"end":{"line":175,"column":9}},{"start":{"line":167,"column":8},"end":{"line":175,"column":9}}],"line":167},"6":{"loc":{"start":{"line":178,"column":8},"end":{"line":181,"column":9}},"type":"if","locations":[{"start":{"line":178,"column":8},"end":{"line":181,"column":9}},{"start":{"line":178,"column":8},"end":{"line":181,"column":9}}],"line":178},"7":{"loc":{"start":{"line":193,"column":8},"end":{"line":202,"column":9}},"type":"if","locations":[{"start":{"line":193,"column":8},"end":{"line":202,"column":9}},{"start":{"line":193,"column":8},"end":{"line":202,"column":9}}],"line":193},"8":{"loc":{"start":{"line":205,"column":8},"end":{"line":208,"column":9}},"type":"if","locations":[{"start":{"line":205,"column":8},"end":{"line":208,"column":9}},{"start":{"line":205,"column":8},"end":{"line":208,"column":9}}],"line":205},"9":{"loc":{"start":{"line":239,"column":8},"end":{"line":248,"column":9}},"type":"if","locations":[{"start":{"line":239,"column":8},"end":{"line":248,"column":9}},{"start":{"line":239,"column":8},"end":{"line":248,"column":9}}],"line":239},"10":{"loc":{"start":{"line":251,"column":8},"end":{"line":254,"column":9}},"type":"if","locations":[{"start":{"line":251,"column":8},"end":{"line":254,"column":9}},{"start":{"line":251,"column":8},"end":{"line":254,"column":9}}],"line":251}},"s":{"0":3,"1":1,"2":3,"3":1,"4":3,"5":1,"6":3,"7":1,"8":3,"9":1,"10":3,"11":1,"12":3,"13":1,"14":3,"15":1,"16":3,"17":1,"18":3,"19":1,"20":3,"21":1,"22":3,"23":1,"24":3,"25":1,"26":3,"27":0,"28":3,"29":0,"30":0,"31":0,"32":0,"33":0,"34":0,"35":0,"36":0,"37":0,"38":0,"39":0,"40":0,"41":3,"42":0,"43":0,"44":0,"45":0,"46":0,"47":0,"48":0,"49":0,"50":0,"51":3,"52":0,"53":0,"54":0,"55":0,"56":0,"57":0,"58":0,"59":0,"60":0,"61":0,"62":0,"63":3,"64":0,"65":0,"66":0,"67":0,"68":0,"69":0,"70":0,"71":0,"72":0,"73":0,"74":3,"75":0,"76":3,"77":0,"78":3,"79":0,"80":3,"81":0,"82":0,"83":0,"84":0,"85":0,"86":0,"87":0,"88":0,"89":0,"90":0},"f":{"0":1,"1":1,"2":1,"3":1,"4":1,"5":1,"6":1,"7":1,"8":1,"9":1,"10":1,"11":1,"12":1,"13":0,"14":0,"15":0,"16":0,"17":0,"18":0,"19":0,"20":0,"21":0,"22":0,"23":0,"24":0,"25":0,"26":0,"27":0,"28":0,"29":0,"30":0,"31":0,"32":0,"33":0,"34":0,"35":0,"36":0},"b":{"0":[0],"1":[0,0],"2":[0,0],"3":[0,0],"4":[0,0],"5":[0,0],"6":[0,0],"7":[0,0],"8":[0,0],"9":[0,0],"10":[0,0]},"_coverageSchema":"332fd63041d2c1bcb487cc26dd0d5f7d97098a6c","hash":"aee27e9f2c78389435aeca4e521a3bc96fd5d197"}
,"D:\\Fcmp\\Fcmp-react\\src\\client\\redux\\reducers\\index.js": {"path":"D:\\Fcmp\\Fcmp-react\\src\\client\\redux\\reducers\\index.js","statementMap":{"0":{"start":{"line":1,"column":0},"end":{"line":null,"column":-1}},"1":{"start":{"line":2,"column":0},"end":{"line":null,"column":-1}},"2":{"start":{"line":3,"column":0},"end":{"line":null,"column":-1}},"3":{"start":{"line":4,"column":0},"end":{"line":null,"column":-1}},"4":{"start":{"line":5,"column":0},"end":{"line":null,"column":-1}},"5":{"start":{"line":6,"column":16},"end":{"line":6,"column":0}}},"fnMap":{},"branchMap":{},"s":{"0":0,"1":0,"2":0,"3":0,"4":0,"5":0},"f":{},"b":{}}
,"D:\\Fcmp\\Fcmp-react\\src\\client\\redux\\reducers\\posts.js": {"path":"D:\\Fcmp\\Fcmp-react\\src\\client\\redux\\reducers\\posts.js","statementMap":{"0":{"start":{"line":1,"column":0},"end":{"line":null,"column":-1}},"1":{"start":{"line":9,"column":13},"end":{"line":9,"column":0}},"2":{"start":{"line":10,"column":2},"end":{"line":null,"column":-1}},"3":{"start":{"line":12,"column":6},"end":{"line":null,"column":-1}},"4":{"start":{"line":20,"column":6},"end":{"line":null,"column":-1}},"5":{"start":{"line":24,"column":14},"end":{"line":24,"column":0}},"6":{"start":{"line":24,"column":38},"end":{"line":24,"column":37}},"7":{"start":{"line":24,"column":38},"end":{"line":null,"column":-1}},"8":{"start":{"line":25,"column":2},"end":{"line":null,"column":-1}},"9":{"start":{"line":28,"column":21},"end":{"line":28,"column":8}},"10":{"start":{"line":29,"column":12},"end":{"line":null,"column":-1}},"11":{"start":{"line":36,"column":5},"end":{"line":null,"column":-1}},"12":{"start":{"line":39,"column":6},"end":{"line":null,"column":-1}},"13":{"start":{"line":45,"column":6},"end":{"line":null,"column":-1}}},"fnMap":{"0":{"name":"post","decl":{"start":{"line":9,"column":6},"end":{"line":9,"column":13}},"loc":{"start":{"line":9,"column":32},"end":{"line":9,"column":0}}},"1":{"name":"posts","decl":{"start":{"line":24,"column":6},"end":{"line":24,"column":14}},"loc":{"start":{"line":24,"column":38},"end":{"line":24,"column":0}}},"2":{"name":"(anonymous_3)","decl":{"start":{"line":28,"column":47},"end":{"line":28,"column":54}},"loc":{"start":{"line":28,"column":55},"end":{"line":28,"column":21}}}},"branchMap":{"0":{"loc":{"start":{"line":11,"column":4},"end":{"line":12,"column":6}},"type":"switch","locations":[{"start":{"line":11,"column":4},"end":{"line":12,"column":6}},{"start":{"line":19,"column":4},"end":{"line":20,"column":6}}]},"1":{"loc":{"start":{"line":24,"column":38},"end":{"line":24,"column":22}},"type":"cond-expr","locations":[{"start":{"line":24,"column":38},"end":{"line":24,"column":22}},{"start":{"line":24,"column":23},"end":{"line":24,"column":38}}]},"2":{"loc":{"start":{"line":24,"column":38},"end":{"line":24,"column":22}},"type":"binary-expr","locations":[{"start":{"line":24,"column":38},"end":{"line":24,"column":22}},{"start":{"line":24,"column":38},"end":{"line":24,"column":22}}]},"3":{"loc":{"start":{"line":26,"column":4},"end":{"line":36,"column":5}},"type":"switch","locations":[{"start":{"line":26,"column":4},"end":{"line":36,"column":5}},{"start":{"line":38,"column":4},"end":{"line":39,"column":6}},{"start":{"line":44,"column":4},"end":{"line":45,"column":6}}]}},"s":{"0":0,"1":0,"2":0,"3":0,"4":0,"5":0,"6":0,"7":0,"8":0,"9":0,"10":0,"11":0,"12":0,"13":0},"f":{"0":0,"1":0,"2":0},"b":{"0":[0,0],"1":[0,0],"2":[0,0],"3":[0,0,0]}}
,"D:\\Fcmp\\Fcmp-react\\src\\client\\redux\\reducers\\user.js": {"path":"D:\\Fcmp\\Fcmp-react\\src\\client\\redux\\reducers\\user.js","statementMap":{"0":{"start":{"line":1,"column":0},"end":{"line":null,"column":-1}},"1":{"start":{"line":17,"column":13},"end":{"line":17,"column":0}},"2":{"start":{"line":21,"column":14},"end":{"line":21,"column":13}},"3":{"start":{"line":21,"column":14},"end":{"line":null,"column":-1}},"4":{"start":{"line":22,"column":2},"end":{"line":null,"column":-1}},"5":{"start":{"line":24,"column":6},"end":{"line":null,"column":-1}},"6":{"start":{"line":26,"column":6},"end":{"line":null,"column":-1}},"7":{"start":{"line":28,"column":6},"end":{"line":null,"column":-1}},"8":{"start":{"line":30,"column":6},"end":{"line":null,"column":-1}},"9":{"start":{"line":32,"column":6},"end":{"line":null,"column":-1}},"10":{"start":{"line":34,"column":6},"end":{"line":null,"column":-1}},"11":{"start":{"line":36,"column":6},"end":{"line":null,"column":-1}},"12":{"start":{"line":38,"column":6},"end":{"line":null,"column":-1}},"13":{"start":{"line":40,"column":6},"end":{"line":null,"column":-1}},"14":{"start":{"line":42,"column":6},"end":{"line":null,"column":-1}},"15":{"start":{"line":44,"column":6},"end":{"line":null,"column":-1}},"16":{"start":{"line":46,"column":6},"end":{"line":null,"column":-1}},"17":{"start":{"line":48,"column":6},"end":{"line":null,"column":-1}}},"fnMap":{"0":{"name":"user","decl":{"start":{"line":17,"column":6},"end":{"line":17,"column":13}},"loc":{"start":{"line":21,"column":14},"end":{"line":17,"column":0}}}},"branchMap":{"0":{"loc":{"start":{"line":21,"column":14},"end":{"line":17,"column":21}},"type":"cond-expr","locations":[{"start":{"line":21,"column":14},"end":{"line":17,"column":21}},{"start":{"line":17,"column":22},"end":{"line":21,"column":14}}]},"1":{"loc":{"start":{"line":21,"column":14},"end":{"line":17,"column":21}},"type":"binary-expr","locations":[{"start":{"line":21,"column":14},"end":{"line":17,"column":21}},{"start":{"line":21,"column":14},"end":{"line":17,"column":21}}]},"2":{"loc":{"start":{"line":23,"column":4},"end":{"line":24,"column":6}},"type":"switch","locations":[{"start":{"line":23,"column":4},"end":{"line":24,"column":6}},{"start":{"line":25,"column":4},"end":{"line":26,"column":6}},{"start":{"line":27,"column":4},"end":{"line":28,"column":6}},{"start":{"line":29,"column":4},"end":{"line":30,"column":6}},{"start":{"line":31,"column":4},"end":{"line":32,"column":6}},{"start":{"line":33,"column":4},"end":{"line":34,"column":6}},{"start":{"line":35,"column":4},"end":{"line":36,"column":6}},{"start":{"line":37,"column":4},"end":{"line":38,"column":6}},{"start":{"line":39,"column":4},"end":{"line":40,"column":6}},{"start":{"line":41,"column":4},"end":{"line":42,"column":6}},{"start":{"line":43,"column":4},"end":{"line":44,"column":6}},{"start":{"line":45,"column":4},"end":{"line":46,"column":6}},{"start":{"line":47,"column":4},"end":{"line":48,"column":6}}]}},"s":{"0":0,"1":0,"2":0,"3":0,"4":0,"5":0,"6":0,"7":0,"8":0,"9":0,"10":0,"11":0,"12":0,"13":0,"14":0,"15":0,"16":0,"17":0},"f":{"0":0},"b":{"0":[0,0],"1":[0,0],"2":[0,0,0,0,0,0,0,0,0,0,0,0,0]}}
,"D:\\Fcmp\\Fcmp-react\\src\\client\\redux\\reducers\\visibilityFilter.js": {"path":"D:\\Fcmp\\Fcmp-react\\src\\client\\redux\\reducers\\visibilityFilter.js","statementMap":{"0":{"start":{"line":1,"column":25},"end":{"line":1,"column":0}},"1":{"start":{"line":4,"column":5},"end":{"line":4,"column":4}},"2":{"start":{"line":4,"column":5},"end":{"line":null,"column":-1}},"3":{"start":{"line":5,"column":2},"end":{"line":null,"column":-1}},"4":{"start":{"line":7,"column":6},"end":{"line":null,"column":-1}},"5":{"start":{"line":9,"column":6},"end":{"line":null,"column":-1}}},"fnMap":{"0":{"name":"visibilityFilter","decl":{"start":{"line":1,"column":6},"end":{"line":1,"column":25}},"loc":{"start":{"line":4,"column":5},"end":{"line":1,"column":0}}}},"branchMap":{"0":{"loc":{"start":{"line":4,"column":5},"end":{"line":2,"column":9}},"type":"cond-expr","locations":[{"start":{"line":4,"column":5},"end":{"line":2,"column":9}},{"start":{"line":2,"column":10},"end":{"line":4,"column":5}}]},"1":{"loc":{"start":{"line":4,"column":5},"end":{"line":2,"column":9}},"type":"binary-expr","locations":[{"start":{"line":4,"column":5},"end":{"line":2,"column":9}},{"start":{"line":4,"column":5},"end":{"line":2,"column":9}}]},"2":{"loc":{"start":{"line":6,"column":4},"end":{"line":7,"column":6}},"type":"switch","locations":[{"start":{"line":6,"column":4},"end":{"line":7,"column":6}},{"start":{"line":8,"column":4},"end":{"line":9,"column":6}}]}},"s":{"0":0,"1":0,"2":0,"3":0,"4":0,"5":0},"f":{"0":0},"b":{"0":[0,0],"1":[0,0],"2":[0,0]}}
,"D:\\Fcmp\\Fcmp-react\\src\\client\\styles\\postsList.css.js": {"path":"D:\\Fcmp\\Fcmp-react\\src\\client\\styles\\postsList.css.js","statementMap":{},"fnMap":{},"branchMap":{},"s":{},"f":{},"b":{},"_coverageSchema":"332fd63041d2c1bcb487cc26dd0d5f7d97098a6c","hash":"3b9ae5d550906760a8bc0c955a0a31622cb2a3f3"}
,"D:\\Fcmp\\Fcmp-react\\src\\server\\index.js": {"path":"D:\\Fcmp\\Fcmp-react\\src\\server\\index.js","statementMap":{"0":{"start":{"line":1,"column":0},"end":{"line":null,"column":-1}},"1":{"start":{"line":2,"column":0},"end":{"line":null,"column":-1}},"2":{"start":{"line":3,"column":0},"end":{"line":null,"column":-1}},"3":{"start":{"line":4,"column":0},"end":{"line":null,"column":-1}},"4":{"start":{"line":5,"column":0},"end":{"line":null,"column":-1}},"5":{"start":{"line":6,"column":0},"end":{"line":null,"column":-1}},"6":{"start":{"line":7,"column":0},"end":{"line":null,"column":-1}},"7":{"start":{"line":8,"column":0},"end":{"line":null,"column":-1}},"8":{"start":{"line":9,"column":0},"end":{"line":null,"column":-1}},"9":{"start":{"line":10,"column":0},"end":{"line":null,"column":-1}},"10":{"start":{"line":11,"column":0},"end":{"line":null,"column":-1}},"11":{"start":{"line":12,"column":0},"end":{"line":null,"column":-1}},"12":{"start":{"line":16,"column":12},"end":{"line":16,"column":0}},"13":{"start":{"line":20,"column":16},"end":{"line":20,"column":0}},"14":{"start":{"line":21,"column":2},"end":{"line":null,"column":-1}},"15":{"start":{"line":22,"column":4},"end":{"line":26,"column":5}},"16":{"start":{"line":23,"column":6},"end":{"line":null,"column":-1}},"17":{"start":{"line":25,"column":6},"end":{"line":null,"column":-1}},"18":{"start":{"line":30,"column":0},"end":{"line":null,"column":-1}},"19":{"start":{"line":32,"column":0},"end":{"line":null,"column":-1}},"20":{"start":{"line":33,"column":0},"end":{"line":null,"column":-1}},"21":{"start":{"line":37,"column":14},"end":{"line":37,"column":0}},"22":{"start":{"line":40,"column":0},"end":{"line":49,"column":1}},"23":{"start":{"line":41,"column":19},"end":{"line":41,"column":2}},"24":{"start":{"line":43,"column":2},"end":{"line":null,"column":-1}},"25":{"start":{"line":48,"column":2},"end":{"line":null,"column":-1}},"26":{"start":{"line":54,"column":0},"end":{"line":null,"column":-1}},"27":{"start":{"line":55,"column":0},"end":{"line":null,"column":-1}},"28":{"start":{"line":59,"column":0},"end":{"line":null,"column":-1}},"29":{"start":{"line":60,"column":0},"end":{"line":null,"column":-1}},"30":{"start":{"line":61,"column":0},"end":{"line":null,"column":-1}},"31":{"start":{"line":62,"column":0},"end":{"line":null,"column":-1}},"32":{"start":{"line":63,"column":0},"end":{"line":null,"column":-1}},"33":{"start":{"line":64,"column":0},"end":{"line":null,"column":-1}},"34":{"start":{"line":66,"column":19},"end":{"line":66,"column":2}},"35":{"start":{"line":70,"column":8},"end":{"line":70,"column":2}},"36":{"start":{"line":89,"column":2},"end":{"line":null,"column":-1}},"37":{"start":{"line":93,"column":0},"end":{"line":null,"column":-1}},"38":{"start":{"line":94,"column":2},"end":{"line":98,"column":3}},"39":{"start":{"line":95,"column":4},"end":{"line":null,"column":-1}},"40":{"start":{"line":97,"column":4},"end":{"line":null,"column":-1}}},"fnMap":{"0":{"name":"connect","decl":{"start":{"line":20,"column":6},"end":{"line":20,"column":16}},"loc":{"start":{"line":20,"column":22},"end":{"line":20,"column":0}}},"1":{"name":"(anonymous_2)","decl":{"start":{"line":21,"column":31},"end":{"line":21,"column":31}},"loc":{"start":{"line":21,"column":45},"end":{"line":21,"column":2}}},"2":{"name":"(anonymous_3)","decl":{"start":{"line":64,"column":13},"end":{"line":64,"column":13}},"loc":{"start":{"line":64,"column":33},"end":{"line":64,"column":0}}},"3":{"name":"(anonymous_4)","decl":{"start":{"line":93,"column":45},"end":{"line":93,"column":45}},"loc":{"start":{"line":93,"column":54},"end":{"line":93,"column":0}}}},"branchMap":{"0":{"loc":{"start":{"line":22,"column":4},"end":{"line":26,"column":5}},"type":"if","locations":[{"start":{"line":22,"column":4},"end":{"line":26,"column":5}},{"start":{"line":22,"column":4},"end":{"line":26,"column":5}}]},"1":{"loc":{"start":{"line":40,"column":0},"end":{"line":49,"column":1}},"type":"if","locations":[{"start":{"line":40,"column":0},"end":{"line":49,"column":1}},{"start":{"line":40,"column":0},"end":{"line":49,"column":1}}]},"2":{"loc":{"start":{"line":66,"column":19},"end":{"line":66,"column":18}},"type":"binary-expr","locations":[{"start":{"line":66,"column":19},"end":{"line":66,"column":18}},{"start":{"line":66,"column":42},"end":{"line":66,"column":2}}]},"3":{"loc":{"start":{"line":94,"column":2},"end":{"line":98,"column":3}},"type":"if","locations":[{"start":{"line":94,"column":2},"end":{"line":98,"column":3}},{"start":{"line":94,"column":2},"end":{"line":98,"column":3}}]}},"s":{"0":0,"1":0,"2":0,"3":0,"4":0,"5":0,"6":0,"7":0,"8":0,"9":0,"10":0,"11":0,"12":0,"13":0,"14":0,"15":0,"16":0,"17":0,"18":0,"19":0,"20":0,"21":0,"22":0,"23":0,"24":0,"25":0,"26":0,"27":0,"28":0,"29":0,"30":0,"31":0,"32":0,"33":0,"34":0,"35":0,"36":0,"37":0,"38":0,"39":0,"40":0},"f":{"0":0,"1":0,"2":0,"3":0},"b":{"0":[0,0],"1":[0,0],"2":[0,0],"3":[0,0]}}
,"D:\\Fcmp\\Fcmp-react\\src\\server\\config\\express.js": {"path":"D:\\Fcmp\\Fcmp-react\\src\\server\\config\\express.js","statementMap":{"0":{"start":{"line":11,"column":2},"end":{"line":null,"column":-1}},"1":{"start":{"line":12,"column":2},"end":{"line":null,"column":-1}},"2":{"start":{"line":17,"column":2},"end":{"line":null,"column":-1}},"3":{"start":{"line":19,"column":2},"end":{"line":null,"column":-1}},"4":{"start":{"line":20,"column":2},"end":{"line":null,"column":-1}},"5":{"start":{"line":21,"column":2},"end":{"line":null,"column":-1}},"6":{"start":{"line":23,"column":15},"end":{"line":23,"column":2}},"7":{"start":{"line":39,"column":19},"end":{"line":39,"column":2}},"8":{"start":{"line":41,"column":2},"end":{"line":null,"column":-1}},"9":{"start":{"line":42,"column":2},"end":{"line":null,"column":-1}},"10":{"start":{"line":43,"column":2},"end":{"line":null,"column":-1}},"11":{"start":{"line":44,"column":2},"end":{"line":48,"column":3}},"12":{"start":{"line":45,"column":4},"end":{"line":null,"column":-1}},"13":{"start":{"line":46,"column":4},"end":{"line":null,"column":-1}},"14":{"start":{"line":47,"column":4},"end":{"line":44,"column":33}},"15":{"start":{"line":50,"column":2},"end":{"line":null,"column":-1}},"16":{"start":{"line":52,"column":2},"end":{"line":null,"column":-1}},"17":{"start":{"line":53,"column":2},"end":{"line":null,"column":-1}},"18":{"start":{"line":1,"column":0},"end":{"line":null,"column":-1}},"19":{"start":{"line":2,"column":0},"end":{"line":null,"column":-1}},"20":{"start":{"line":3,"column":0},"end":{"line":null,"column":-1}},"21":{"start":{"line":4,"column":0},"end":{"line":null,"column":-1}},"22":{"start":{"line":5,"column":0},"end":{"line":null,"column":-1}},"23":{"start":{"line":6,"column":0},"end":{"line":null,"column":-1}},"24":{"start":{"line":8,"column":19},"end":{"line":8,"column":0}}},"fnMap":{},"branchMap":{"0":{"loc":{"start":{"line":44,"column":2},"end":{"line":48,"column":3}},"type":"if","locations":[{"start":{"line":44,"column":2},"end":{"line":48,"column":3}},{"start":{"line":44,"column":2},"end":{"line":48,"column":3}}]}},"s":{"0":0,"1":0,"2":0,"3":0,"4":0,"5":0,"6":0,"7":0,"8":0,"9":0,"10":0,"11":0,"12":0,"13":0,"14":0,"15":0,"16":0,"17":0,"18":0,"19":0,"20":0,"21":0,"22":0,"23":0,"24":0},"f":{},"b":{"0":[0,0]}}
,"D:\\Fcmp\\Fcmp-react\\src\\server\\config\\passport.js": {"path":"D:\\Fcmp\\Fcmp-react\\src\\server\\config\\passport.js","statementMap":{"0":{"start":{"line":13,"column":2},"end":{"line":null,"column":-1}},"1":{"start":{"line":14,"column":3},"end":{"line":null,"column":-1}},"2":{"start":{"line":17,"column":2},"end":{"line":null,"column":-1}},"3":{"start":{"line":18,"column":3},"end":{"line":null,"column":-1}},"4":{"start":{"line":19,"column":4},"end":{"line":null,"column":-1}},"5":{"start":{"line":24,"column":2},"end":{"line":null,"column":-1}},"6":{"start":{"line":2,"column":0},"end":{"line":null,"column":-1}},"7":{"start":{"line":3,"column":0},"end":{"line":null,"column":-1}}},"fnMap":{"0":{"name":"(anonymous_1)","decl":{"start":{"line":13,"column":25},"end":{"line":13,"column":25}},"loc":{"start":{"line":13,"column":41},"end":{"line":13,"column":2}}},"1":{"name":"(anonymous_2)","decl":{"start":{"line":17,"column":27},"end":{"line":17,"column":27}},"loc":{"start":{"line":17,"column":41},"end":{"line":17,"column":2}}},"2":{"name":"(anonymous_3)","decl":{"start":{"line":18,"column":21},"end":{"line":18,"column":21}},"loc":{"start":{"line":18,"column":36},"end":{"line":18,"column":3}}}},"branchMap":{},"s":{"0":0,"1":0,"2":0,"3":0,"4":0,"5":0,"6":0,"7":0},"f":{"0":0,"1":0,"2":0},"b":{}}
,"D:\\Fcmp\\Fcmp-react\\src\\server\\config\\secrets.js": {"path":"D:\\Fcmp\\Fcmp-react\\src\\server\\config\\secrets.js","statementMap":{"0":{"start":{"line":1,"column":16},"end":{"line":1,"column":0}}},"fnMap":{},"branchMap":{},"s":{"0":0},"f":{},"b":{}}
,"D:\\Fcmp\\Fcmp-react\\src\\server\\config\\passport-strategies\\local.js": {"path":"D:\\Fcmp\\Fcmp-react\\src\\server\\config\\passport-strategies\\local.js","statementMap":{"0":{"start":{"line":8,"column":0},"end":{"line":null,"column":-1}},"1":{"start":{"line":5,"column":17},"end":{"line":5,"column":0}},"2":{"start":{"line":6,"column":22},"end":{"line":6,"column":0}},"3":{"start":{"line":17,"column":2},"end":{"line":null,"column":-1}},"4":{"start":{"line":18,"column":3},"end":{"line":18,"column":14}},"5":{"start":{"line":18,"column":14},"end":{"line":null,"column":-1}},"6":{"start":{"line":19,"column":3},"end":{"line":null,"column":-1}},"7":{"start":{"line":20,"column":4},"end":{"line":22,"column":5}},"8":{"start":{"line":21,"column":5},"end":{"line":null,"column":-1}},"9":{"start":{"line":23,"column":5},"end":{"line":null,"column":-1}}},"fnMap":{"0":{"name":"(anonymous_1)","decl":{"start":{"line":16,"column":3},"end":{"line":16,"column":3}},"loc":{"start":{"line":16,"column":30},"end":{"line":14,"column":15}}},"1":{"name":"(anonymous_2)","decl":{"start":{"line":17,"column":26},"end":{"line":17,"column":26}},"loc":{"start":{"line":17,"column":41},"end":{"line":17,"column":2}}},"2":{"name":"(anonymous_3)","decl":{"start":{"line":19,"column":34},"end":{"line":19,"column":34}},"loc":{"start":{"line":19,"column":52},"end":{"line":19,"column":3}}}},"branchMap":{"0":{"loc":{"start":{"line":18,"column":3},"end":{"line":18,"column":14}},"type":"if","locations":[{"start":{"line":18,"column":3},"end":{"line":18,"column":14}},{"start":{"line":18,"column":3},"end":{"line":18,"column":14}}]},"1":{"loc":{"start":{"line":20,"column":4},"end":{"line":22,"column":5}},"type":"if","locations":[{"start":{"line":20,"column":4},"end":{"line":22,"column":5}},{"start":{"line":20,"column":4},"end":{"line":22,"column":5}}]}},"s":{"0":0,"1":0,"2":0,"3":0,"4":0,"5":0,"6":0,"7":0,"8":0,"9":0},"f":{"0":0,"1":0,"2":0},"b":{"0":[0,0],"1":[0,0]}}
,"D:\\Fcmp\\Fcmp-react\\src\\server\\controllers\\blogs.js": {"path":"D:\\Fcmp\\Fcmp-react\\src\\server\\controllers\\blogs.js","statementMap":{"0":{"start":{"line":1,"column":16},"end":{"line":1,"column":0}},"1":{"start":{"line":2,"column":17},"end":{"line":2,"column":0}},"2":{"start":{"line":3,"column":17},"end":{"line":3,"column":0}},"3":{"start":{"line":5,"column":0},"end":{"line":null,"column":-1}},"4":{"start":{"line":7,"column":0},"end":{"line":null,"column":-1}},"5":{"start":{"line":8,"column":13},"end":{"line":8,"column":2}},"6":{"start":{"line":9,"column":18},"end":{"line":9,"column":2}},"7":{"start":{"line":13,"column":2},"end":{"line":null,"column":-1}},"8":{"start":{"line":15,"column":6},"end":{"line":17,"column":7}},"9":{"start":{"line":16,"column":8},"end":{"line":null,"column":-1}},"10":{"start":{"line":18,"column":6},"end":{"line":null,"column":-1}},"11":{"start":{"line":22,"column":0},"end":{"line":null,"column":-1}},"12":{"start":{"line":23,"column":2},"end":{"line":null,"column":-1}},"13":{"start":{"line":25,"column":4},"end":{"line":null,"column":-1}},"14":{"start":{"line":29,"column":0},"end":{"line":null,"column":-1}},"15":{"start":{"line":30,"column":18},"end":{"line":30,"column":2}},"16":{"start":{"line":36,"column":15},"end":{"line":36,"column":2}},"17":{"start":{"line":38,"column":2},"end":{"line":null,"column":-1}},"18":{"start":{"line":39,"column":4},"end":{"line":null,"column":-1}},"19":{"start":{"line":42,"column":0},"end":{"line":null,"column":-1}},"20":{"start":{"line":43,"column":13},"end":{"line":43,"column":2}},"21":{"start":{"line":44,"column":16},"end":{"line":44,"column":2}},"22":{"start":{"line":48,"column":2},"end":{"line":null,"column":-1}},"23":{"start":{"line":50,"column":6},"end":{"line":52,"column":7}},"24":{"start":{"line":51,"column":8},"end":{"line":null,"column":-1}},"25":{"start":{"line":53,"column":6},"end":{"line":null,"column":-1}},"26":{"start":{"line":57,"column":0},"end":{"line":null,"column":-1}},"27":{"start":{"line":58,"column":13},"end":{"line":58,"column":2}},"28":{"start":{"line":59,"column":16},"end":{"line":59,"column":2}},"29":{"start":{"line":62,"column":15},"end":{"line":62,"column":2}},"30":{"start":{"line":67,"column":2},"end":{"line":null,"column":-1}},"31":{"start":{"line":69,"column":4},"end":{"line":79,"column":5}},"32":{"start":{"line":70,"column":6},"end":{"line":null,"column":-1}},"33":{"start":{"line":72,"column":6},"end":{"line":null,"column":-1}},"34":{"start":{"line":73,"column":6},"end":{"line":null,"column":-1}},"35":{"start":{"line":74,"column":6},"end":{"line":null,"column":-1}},"36":{"start":{"line":76,"column":12},"end":{"line":null,"column":-1}}},"fnMap":{"0":{"name":"(anonymous_0)","decl":{"start":{"line":7,"column":18},"end":{"line":7,"column":18}},"loc":{"start":{"line":7,"column":38},"end":{"line":7,"column":0}}},"1":{"name":"(anonymous_1)","decl":{"start":{"line":14,"column":10},"end":{"line":14,"column":17}},"loc":{"start":{"line":14,"column":18},"end":{"line":13,"column":2}}},"2":{"name":"(anonymous_2)","decl":{"start":{"line":22,"column":17},"end":{"line":22,"column":17}},"loc":{"start":{"line":22,"column":37},"end":{"line":22,"column":0}}},"3":{"name":"(anonymous_3)","decl":{"start":{"line":24,"column":8},"end":{"line":24,"column":16}},"loc":{"start":{"line":24,"column":17},"end":{"line":23,"column":2}}},"4":{"name":"(anonymous_4)","decl":{"start":{"line":29,"column":19},"end":{"line":29,"column":19}},"loc":{"start":{"line":29,"column":33},"end":{"line":29,"column":0}}},"5":{"name":"(anonymous_5)","decl":{"start":{"line":38,"column":12},"end":{"line":38,"column":12}},"loc":{"start":{"line":38,"column":34},"end":{"line":38,"column":2}}},"6":{"name":"(anonymous_6)","decl":{"start":{"line":42,"column":21},"end":{"line":42,"column":21}},"loc":{"start":{"line":42,"column":41},"end":{"line":42,"column":0}}},"7":{"name":"(anonymous_7)","decl":{"start":{"line":49,"column":10},"end":{"line":49,"column":17}},"loc":{"start":{"line":49,"column":18},"end":{"line":48,"column":2}}},"8":{"name":"(anonymous_8)","decl":{"start":{"line":57,"column":21},"end":{"line":57,"column":21}},"loc":{"start":{"line":57,"column":41},"end":{"line":57,"column":0}}},"9":{"name":"(anonymous_9)","decl":{"start":{"line":68,"column":8},"end":{"line":68,"column":15}},"loc":{"start":{"line":68,"column":16},"end":{"line":67,"column":2}}},"10":{"name":"(anonymous_10)","decl":{"start":{"line":75,"column":16},"end":{"line":75,"column":23}},"loc":{"start":{"line":75,"column":24},"end":{"line":74,"column":6}}}},"branchMap":{"0":{"loc":{"start":{"line":15,"column":6},"end":{"line":17,"column":7}},"type":"if","locations":[{"start":{"line":15,"column":6},"end":{"line":17,"column":7}},{"start":{"line":15,"column":6},"end":{"line":17,"column":7}}]},"1":{"loc":{"start":{"line":50,"column":6},"end":{"line":52,"column":7}},"type":"if","locations":[{"start":{"line":50,"column":6},"end":{"line":52,"column":7}},{"start":{"line":50,"column":6},"end":{"line":52,"column":7}}]},"2":{"loc":{"start":{"line":69,"column":4},"end":{"line":79,"column":5}},"type":"if","locations":[{"start":{"line":69,"column":4},"end":{"line":79,"column":5}},{"start":{"line":69,"column":4},"end":{"line":79,"column":5}}]},"3":{"loc":{"start":{"line":72,"column":18},"end":{"line":72,"column":17}},"type":"binary-expr","locations":[{"start":{"line":72,"column":18},"end":{"line":72,"column":17}},{"start":{"line":72,"column":35},"end":{"line":72,"column":6}}]},"4":{"loc":{"start":{"line":73,"column":19},"end":{"line":73,"column":18}},"type":"binary-expr","locations":[{"start":{"line":73,"column":19},"end":{"line":73,"column":18}},{"start":{"line":73,"column":37},"end":{"line":73,"column":6}}]}},"s":{"0":0,"1":0,"2":0,"3":0,"4":0,"5":0,"6":0,"7":0,"8":0,"9":0,"10":0,"11":0,"12":0,"13":0,"14":0,"15":0,"16":0,"17":0,"18":0,"19":0,"20":0,"21":0,"22":0,"23":0,"24":0,"25":0,"26":0,"27":0,"28":0,"29":0,"30":0,"31":0,"32":0,"33":0,"34":0,"35":0,"36":0},"f":{"0":0,"1":0,"2":0,"3":0,"4":0,"5":0,"6":0,"7":0,"8":0,"9":0,"10":0},"b":{"0":[0,0],"1":[0,0],"2":[0,0],"3":[0,0],"4":[0,0]}}
,"D:\\Fcmp\\Fcmp-react\\src\\server\\controllers\\users.js": {"path":"D:\\Fcmp\\Fcmp-react\\src\\server\\controllers\\users.js","statementMap":{"0":{"start":{"line":1,"column":0},"end":{"line":null,"column":-1}},"1":{"start":{"line":2,"column":0},"end":{"line":null,"column":-1}},"2":{"start":{"line":3,"column":0},"end":{"line":null,"column":-1}},"3":{"start":{"line":7,"column":0},"end":{"line":null,"column":-1}},"4":{"start":{"line":9,"column":2},"end":{"line":null,"column":-1}},"5":{"start":{"line":10,"column":4},"end":{"line":10,"column":13}},"6":{"start":{"line":10,"column":13},"end":{"line":null,"column":-1}},"7":{"start":{"line":11,"column":4},"end":{"line":13,"column":5}},"8":{"start":{"line":12,"column":6},"end":{"line":null,"column":-1}},"9":{"start":{"line":22,"column":4},"end":{"line":null,"column":-1}},"10":{"start":{"line":23,"column":6},"end":{"line":25,"column":7}},"11":{"start":{"line":24,"column":8},"end":{"line":null,"column":-1}},"12":{"start":{"line":26,"column":6},"end":{"line":null,"column":-1}},"13":{"start":{"line":33,"column":0},"end":{"line":null,"column":-1}},"14":{"start":{"line":35,"column":2},"end":{"line":null,"column":-1}},"15":{"start":{"line":36,"column":2},"end":{"line":null,"column":-1}},"16":{"start":{"line":41,"column":0},"end":{"line":null,"column":-1}},"17":{"start":{"line":42,"column":2},"end":{"line":null,"column":-1}},"18":{"start":{"line":44,"column":4},"end":{"line":47,"column":5}},"19":{"start":{"line":45,"column":6},"end":{"line":null,"column":-1}},"20":{"start":{"line":46,"column":6},"end":{"line":null,"column":-1}},"21":{"start":{"line":50,"column":4},"end":{"line":null,"column":-1}},"22":{"start":{"line":51,"column":6},"end":{"line":55,"column":7}},"23":{"start":{"line":52,"column":8},"end":{"line":null,"column":-1}},"24":{"start":{"line":53,"column":8},"end":{"line":null,"column":-1}},"25":{"start":{"line":54,"column":8},"end":{"line":null,"column":-1}},"26":{"start":{"line":56,"column":6},"end":{"line":null,"column":-1}},"27":{"start":{"line":57,"column":6},"end":{"line":null,"column":-1}}},"fnMap":{"0":{"name":"(anonymous_1)","decl":{"start":{"line":7,"column":16},"end":{"line":7,"column":25}},"loc":{"start":{"line":7,"column":42},"end":{"line":7,"column":0}}},"1":{"name":"(anonymous_2)","decl":{"start":{"line":9,"column":33},"end":{"line":9,"column":33}},"loc":{"start":{"line":9,"column":54},"end":{"line":9,"column":2}}},"2":{"name":"(anonymous_3)","decl":{"start":{"line":22,"column":20},"end":{"line":22,"column":31}},"loc":{"start":{"line":22,"column":32},"end":{"line":22,"column":4}}},"3":{"name":"(anonymous_4)","decl":{"start":{"line":33,"column":17},"end":{"line":33,"column":26}},"loc":{"start":{"line":33,"column":43},"end":{"line":33,"column":0}}},"4":{"name":"(anonymous_5)","decl":{"start":{"line":41,"column":19},"end":{"line":41,"column":28}},"loc":{"start":{"line":41,"column":45},"end":{"line":41,"column":0}}},"5":{"name":"(anonymous_6)","decl":{"start":{"line":42,"column":42},"end":{"line":42,"column":42}},"loc":{"start":{"line":42,"column":57},"end":{"line":42,"column":2}}},"6":{"name":"(anonymous_7)","decl":{"start":{"line":50,"column":26},"end":{"line":50,"column":26}},"loc":{"start":{"line":50,"column":35},"end":{"line":50,"column":4}}}},"branchMap":{"0":{"loc":{"start":{"line":10,"column":4},"end":{"line":10,"column":13}},"type":"if","locations":[{"start":{"line":10,"column":4},"end":{"line":10,"column":13}},{"start":{"line":10,"column":4},"end":{"line":10,"column":13}}]},"1":{"loc":{"start":{"line":11,"column":4},"end":{"line":13,"column":5}},"type":"if","locations":[{"start":{"line":11,"column":4},"end":{"line":13,"column":5}},{"start":{"line":11,"column":4},"end":{"line":13,"column":5}}]},"2":{"loc":{"start":{"line":23,"column":6},"end":{"line":25,"column":7}},"type":"if","locations":[{"start":{"line":23,"column":6},"end":{"line":25,"column":7}},{"start":{"line":23,"column":6},"end":{"line":25,"column":7}}]},"3":{"loc":{"start":{"line":44,"column":4},"end":{"line":47,"column":5}},"type":"if","locations":[{"start":{"line":44,"column":4},"end":{"line":47,"column":5}},{"start":{"line":44,"column":4},"end":{"line":47,"column":5}}]},"4":{"loc":{"start":{"line":51,"column":6},"end":{"line":55,"column":7}},"type":"if","locations":[{"start":{"line":51,"column":6},"end":{"line":55,"column":7}},{"start":{"line":51,"column":6},"end":{"line":55,"column":7}}]}},"s":{"0":0,"1":0,"2":0,"3":0,"4":0,"5":0,"6":0,"7":0,"8":0,"9":0,"10":0,"11":0,"12":0,"13":0,"14":0,"15":0,"16":0,"17":0,"18":0,"19":0,"20":0,"21":0,"22":0,"23":0,"24":0,"25":0,"26":0,"27":0},"f":{"0":0,"1":0,"2":0,"3":0,"4":0,"5":0,"6":0},"b":{"0":[0,0],"1":[0,0],"2":[0,0],"3":[0,0],"4":[0,0]}}
,"D:\\Fcmp\\Fcmp-react\\src\\server\\models\\Blog.js": {"path":"D:\\Fcmp\\Fcmp-react\\src\\server\\models\\Blog.js","statementMap":{"0":{"start":{"line":1,"column":17},"end":{"line":1,"column":0}},"1":{"start":{"line":2,"column":15},"end":{"line":2,"column":0}},"2":{"start":{"line":5,"column":19},"end":{"line":5,"column":0}},"3":{"start":{"line":11,"column":0},"end":{"line":null,"column":-1}}},"fnMap":{},"branchMap":{},"s":{"0":0,"1":0,"2":0,"3":0},"f":{},"b":{}}
,"D:\\Fcmp\\Fcmp-react\\src\\server\\models\\User.js": {"path":"D:\\Fcmp\\Fcmp-react\\src\\server\\models\\User.js","statementMap":{"0":{"start":{"line":4,"column":0},"end":{"line":null,"column":-1}},"1":{"start":{"line":5,"column":0},"end":{"line":null,"column":-1}},"2":{"start":{"line":1,"column":17},"end":{"line":1,"column":0}},"3":{"start":{"line":2,"column":15},"end":{"line":2,"column":0}},"4":{"start":{"line":7,"column":19},"end":{"line":7,"column":0}},"5":{"start":{"line":19,"column":0},"end":{"line":null,"column":-1}},"6":{"start":{"line":20,"column":15},"end":{"line":20,"column":2}},"7":{"start":{"line":22,"column":2},"end":{"line":22,"column":36}},"8":{"start":{"line":22,"column":36},"end":{"line":null,"column":-1}},"9":{"start":{"line":23,"column":2},"end":{"line":null,"column":-1}},"10":{"start":{"line":24,"column":4},"end":{"line":24,"column":13}},"11":{"start":{"line":24,"column":13},"end":{"line":null,"column":-1}},"12":{"start":{"line":25,"column":4},"end":{"line":null,"column":-1}},"13":{"start":{"line":26,"column":6},"end":{"line":26,"column":15}},"14":{"start":{"line":26,"column":15},"end":{"line":null,"column":-1}},"15":{"start":{"line":27,"column":6},"end":{"line":null,"column":-1}},"16":{"start":{"line":28,"column":6},"end":{"line":null,"column":-1}},"17":{"start":{"line":36,"column":0},"end":{"line":null,"column":-1}},"18":{"start":{"line":38,"column":3},"end":{"line":null,"column":-1}},"19":{"start":{"line":39,"column":4},"end":{"line":39,"column":13}},"20":{"start":{"line":39,"column":13},"end":{"line":null,"column":-1}},"21":{"start":{"line":40,"column":4},"end":{"line":null,"column":-1}},"22":{"start":{"line":48,"column":0},"end":{"line":null,"column":-1}}},"fnMap":{"0":{"name":"(anonymous_1)","decl":{"start":{"line":19,"column":23},"end":{"line":19,"column":32}},"loc":{"start":{"line":19,"column":39},"end":{"line":19,"column":0}}},"1":{"name":"(anonymous_2)","decl":{"start":{"line":23,"column":20},"end":{"line":23,"column":20}},"loc":{"start":{"line":23,"column":35},"end":{"line":23,"column":2}}},"2":{"name":"(anonymous_3)","decl":{"start":{"line":25,"column":43},"end":{"line":25,"column":43}},"loc":{"start":{"line":25,"column":58},"end":{"line":25,"column":4}}},"3":{"name":"comparePassword","decl":{"start":{"line":36,"column":21},"end":{"line":37,"column":17}},"loc":{"start":{"line":37,"column":41},"end":{"line":42,"column":3}}},"4":{"name":"(anonymous_5)","decl":{"start":{"line":38,"column":52},"end":{"line":38,"column":52}},"loc":{"start":{"line":38,"column":70},"end":{"line":38,"column":3}}}},"branchMap":{"0":{"loc":{"start":{"line":22,"column":2},"end":{"line":22,"column":36}},"type":"if","locations":[{"start":{"line":22,"column":2},"end":{"line":22,"column":36}},{"start":{"line":22,"column":2},"end":{"line":22,"column":36}}]},"1":{"loc":{"start":{"line":24,"column":4},"end":{"line":24,"column":13}},"type":"if","locations":[{"start":{"line":24,"column":4},"end":{"line":24,"column":13}},{"start":{"line":24,"column":4},"end":{"line":24,"column":13}}]},"2":{"loc":{"start":{"line":26,"column":6},"end":{"line":26,"column":15}},"type":"if","locations":[{"start":{"line":26,"column":6},"end":{"line":26,"column":15}},{"start":{"line":26,"column":6},"end":{"line":26,"column":15}}]},"3":{"loc":{"start":{"line":39,"column":4},"end":{"line":39,"column":13}},"type":"if","locations":[{"start":{"line":39,"column":4},"end":{"line":39,"column":13}},{"start":{"line":39,"column":4},"end":{"line":39,"column":13}}]}},"s":{"0":0,"1":0,"2":0,"3":0,"4":0,"5":0,"6":0,"7":0,"8":0,"9":0,"10":0,"11":0,"12":0,"13":0,"14":0,"15":0,"16":0,"17":0,"18":0,"19":0,"20":0,"21":0,"22":0},"f":{"0":0,"1":0,"2":0,"3":0,"4":0},"b":{"0":[0,0],"1":[0,0],"2":[0,0],"3":[0,0]}}
}
