TN:
SF:C:\Users\Lena\Desktop\Fcmp\Fcmp-react\src\constants.js
FNF:0
FNH:0
DA:1,2
DA:2,2
DA:3,2
DA:4,2
DA:5,2
DA:6,2
DA:7,2
DA:8,2
DA:9,2
DA:10,2
DA:11,2
DA:12,2
DA:15,2
DA:16,2
DA:17,2
DA:20,2
DA:21,2
DA:22,2
DA:24,2
LF:19
LH:19
BRF:0
BRH:0
end_of_record
TN:
SF:C:\Users\Lena\Desktop\Fcmp\Fcmp-react\src\client\client.js
FNF:0
FNH:0
DA:1,0
DA:2,0
DA:3,0
DA:4,0
DA:5,0
DA:6,0
DA:7,0
DA:8,0
DA:10,0
DA:11,0
DA:12,0
DA:14,0
DA:19,0
DA:20,0
DA:23,0
DA:24,0
DA:27,0
DA:28,0
DA:30,0
LF:19
LH:0
BRDA:19,0,0,0
BRDA:19,0,1,0
BRF:2
BRH:0
end_of_record
TN:
SF:C:\Users\Lena\Desktop\Fcmp\Fcmp-react\src\client\routes.js
FN:10,requireAuth
FNF:1
FNH:0
FNDA:0,requireAuth
DA:1,0
DA:2,0
DA:3,0
DA:4,0
DA:5,0
DA:6,0
DA:7,0
DA:10,0
DA:11,0
DA:13,0
DA:14,0
DA:19,0
DA:22,0
LF:13
LH:0
BRDA:13,0,0,0
BRDA:13,0,1,0
BRF:2
BRH:0
end_of_record
TN:
SF:C:\Users\Lena\Desktop\Fcmp\Fcmp-react\src\client\components\App\App.js
FN:12,(anonymous_0)
FN:15,(anonymous_1)
FNF:2
FNH:2
FNDA:1,(anonymous_0)
FNDA:1,(anonymous_1)
DA:13,1
DA:16,1
LF:2
LH:2
BRF:0
BRH:0
end_of_record
TN:
SF:C:\Users\Lena\Desktop\Fcmp\Fcmp-react\src\client\components\App\index.js
FNF:0
FNH:0
LF:0
LH:0
BRF:0
BRH:0
end_of_record
TN:
SF:C:\Users\Lena\Desktop\Fcmp\Fcmp-react\src\client\components\LoginPage\Login.js
FN:13,(anonymous_0)
FN:18,(anonymous_1)
FN:28,(anonymous_2)
FN:39,(anonymous_3)
FNF:4
FNH:2
FNDA:2,(anonymous_0)
FNDA:0,(anonymous_1)
FNDA:0,(anonymous_2)
FNDA:2,(anonymous_3)
DA:6,1
DA:14,2
DA:15,2
DA:19,0
DA:20,0
DA:21,0
DA:24,0
DA:29,0
DA:31,0
DA:40,2
LF:10
LH:4
BRDA:29,0,0,0
BRDA:29,0,1,0
BRF:2
BRH:0
end_of_record
TN:
SF:C:\Users\Lena\Desktop\Fcmp\Fcmp-react\src\client\components\LoginPage\LoginContainer.js
FN:9,(anonymous_0)
FNF:1
FNH:1
FNDA:2,(anonymous_0)
DA:9,1
DA:10,2
DA:12,2
DA:13,2
DA:16,2
LF:5
LH:5
BRF:0
BRH:0
end_of_record
TN:
SF:C:\Users\Lena\Desktop\Fcmp\Fcmp-react\src\client\components\LoginPage\index.js
FNF:0
FNH:0
LF:0
LH:0
BRF:0
BRH:0
end_of_record
TN:
SF:C:\Users\Lena\Desktop\Fcmp\Fcmp-react\src\client\components\MainPage\MainPage.js
FNF:0
FNH:0
DA:1,0
DA:5,0
LF:2
LH:0
BRF:0
BRH:0
end_of_record
TN:
SF:C:\Users\Lena\Desktop\Fcmp\Fcmp-react\src\client\components\MainPage\index.js
FNF:0
FNH:0
DA:1,0
LF:1
LH:0
BRF:0
BRH:0
end_of_record
TN:
SF:C:\Users\Lena\Desktop\Fcmp\Fcmp-react\src\client\components\Posts\AddPost.jsx
FN:18,mapDispatchProps
FN:20,onClick
FNF:2
FNH:0
FNDA:0,mapDispatchProps
FNDA:0,onClick
DA:1,0
DA:2,0
DA:4,0
DA:6,0
DA:10,0
DA:12,0
DA:18,0
DA:19,0
DA:21,0
LF:9
LH:0
BRF:0
BRH:0
end_of_record
TN:
SF:C:\Users\Lena\Desktop\Fcmp\Fcmp-react\src\client\components\Posts\AddPostForm.jsx
FN:17,ref
FN:25,ref
FN:34,ref
FN:40,onClick
FNF:4
FNH:0
FNDA:0,ref
FNDA:0,ref
FNDA:0,ref
FNDA:0,onClick
DA:1,0
DA:2,0
DA:6,0
DA:7,0
DA:8,0
DA:9,0
DA:11,0
DA:18,0
DA:26,0
DA:35,0
DA:41,0
DA:42,0
DA:43,0
DA:44,0
LF:14
LH:0
BRF:0
BRH:0
end_of_record
TN:
SF:C:\Users\Lena\Desktop\Fcmp\Fcmp-react\src\client\components\Posts\Filter.jsx
FN:14,ref
FN:18,onChange
FNF:2
FNH:0
FNDA:0,ref
FNDA:0,onChange
DA:1,0
DA:2,0
DA:6,0
DA:7,0
DA:9,0
DA:15,0
DA:18,0
LF:7
LH:0
BRF:0
BRH:0
end_of_record
TN:
SF:C:\Users\Lena\Desktop\Fcmp\Fcmp-react\src\client\components\Posts\FilterBlock.jsx
FN:7,mapStateProps
FN:15,mapDispatchProps
FN:19,onFilterChange
FNF:3
FNH:0
FNDA:0,mapStateProps
FNDA:0,mapDispatchProps
FNDA:0,onFilterChange
DA:1,0
DA:2,0
DA:4,0
DA:5,0
DA:7,0
DA:10,0
DA:15,0
DA:18,0
DA:20,0
DA:29,0
DA:31,0
LF:11
LH:0
BRF:0
BRH:0
end_of_record
TN:
SF:C:\Users\Lena\Desktop\Fcmp\Fcmp-react\src\client\components\Posts\Post.jsx
FN:6,(anonymous_0)
FNF:1
FNH:1
FNDA:3,(anonymous_0)
DA:7,3
DA:9,3
LF:2
LH:2
BRF:0
BRH:0
end_of_record
TN:
SF:C:\Users\Lena\Desktop\Fcmp\Fcmp-react\src\client\components\Posts\Posts.jsx
FN:7,(anonymous_0)
FN:13,(anonymous_1)
FNF:2
FNH:2
FNDA:1,(anonymous_0)
FNDA:2,(anonymous_1)
DA:8,1
DA:10,1
DA:14,2
LF:3
LH:3
BRF:0
BRH:0
end_of_record
TN:
SF:C:\Users\Lena\Desktop\Fcmp\Fcmp-react\src\client\components\Posts\PostsList.jsx
FN:26,getVisiblePosts
FN:34,(anonymous_12)
FN:40,mapStateToProps
FN:52,mapDispatchProps
FN:54,getAllPosts
FNF:5
FNH:0
FNDA:0,getVisiblePosts
FNDA:0,(anonymous_12)
FNDA:0,mapStateToProps
FNDA:0,mapDispatchProps
FNDA:0,getAllPosts
DA:1,0
DA:2,0
DA:5,0
DA:6,0
DA:12,0
DA:17,0
DA:19,0
DA:26,0
DA:30,0
DA:32,0
DA:34,0
DA:35,0
DA:40,0
DA:43,0
DA:52,0
DA:53,0
DA:55,0
LF:17
LH:0
BRDA:31,0,0,0
BRDA:31,0,1,0
BRF:2
BRH:0
end_of_record
TN:
SF:C:\Users\Lena\Desktop\Fcmp\Fcmp-react\src\client\components\Posts\PostsPage.js
FNF:0
FNH:0
DA:1,0
DA:2,0
DA:3,0
DA:4,0
DA:8,0
LF:5
LH:0
BRF:0
BRH:0
end_of_record
TN:
SF:C:\Users\Lena\Desktop\Fcmp\Fcmp-react\src\client\components\Posts\index.js
FNF:0
FNH:0
DA:1,0
LF:1
LH:0
BRF:0
BRH:0
end_of_record
TN:
SF:C:\Users\Lena\Desktop\Fcmp\Fcmp-react\src\client\components\RegisterPage\Register.js
FN:11,(anonymous_0)
FN:16,(anonymous_1)
FN:26,(anonymous_2)
FN:37,(anonymous_3)
FNF:4
FNH:2
FNDA:2,(anonymous_0)
FNDA:0,(anonymous_1)
FNDA:0,(anonymous_2)
FNDA:2,(anonymous_3)
DA:5,1
DA:12,2
DA:13,2
DA:17,0
DA:18,0
DA:19,0
DA:22,0
DA:27,0
DA:29,0
DA:38,2
LF:10
LH:4
BRDA:27,0,0,0
BRDA:27,0,1,0
BRF:2
BRH:0
end_of_record
TN:
SF:C:\Users\Lena\Desktop\Fcmp\Fcmp-react\src\client\components\RegisterPage\RegisterContainer.js
FN:5,mapStateToProps
FNF:1
FNH:1
FNDA:2,mapStateToProps
DA:6,2
LF:1
LH:1
BRF:0
BRH:0
end_of_record
TN:
SF:C:\Users\Lena\Desktop\Fcmp\Fcmp-react\src\client\components\RegisterPage\index.js
FNF:0
FNH:0
LF:0
LH:0
BRF:0
BRH:0
end_of_record
TN:
SF:C:\Users\Lena\Desktop\Fcmp\Fcmp-react\src\client\redux\configureStore.js
FNF:0
FNH:0
DA:1,0
DA:2,0
DA:3,0
DA:4,0
LF:4
LH:0
BRF:0
BRH:0
end_of_record
TN:
SF:C:\Users\Lena\Desktop\Fcmp\Fcmp-react\src\client\redux\actions\index.js
FN:8,(anonymous_0)
FN:17,(anonymous_1)
FN:23,(anonymous_2)
FN:29,(anonymous_3)
FN:36,(anonymous_4)
FN:42,(anonymous_5)
FN:49,(anonymous_6)
FN:56,(anonymous_7)
FN:62,(anonymous_8)
FN:68,(anonymous_9)
FN:75,(anonymous_10)
FN:81,(anonymous_11)
FN:87,(anonymous_12)
FN:93,(anonymous_13)
FN:104,(anonymous_14)
FN:108,(anonymous_15)
FN:112,(anonymous_16)
FN:125,(anonymous_17)
FN:136,(anonymous_18)
FN:137,(anonymous_19)
FN:141,(anonymous_20)
FN:151,(anonymous_21)
FN:160,(anonymous_22)
FN:161,(anonymous_23)
FN:165,(anonymous_24)
FN:176,(anonymous_25)
FN:186,(anonymous_26)
FN:187,(anonymous_27)
FN:191,(anonymous_28)
FN:203,(anonymous_29)
FN:213,(anonymous_30)
FN:219,(anonymous_31)
FN:226,(anonymous_32)
FN:232,(anonymous_33)
FN:233,(anonymous_34)
FN:237,(anonymous_35)
FN:249,(anonymous_36)
FNF:37
FNH:0
FNDA:0,(anonymous_0)
FNDA:0,(anonymous_1)
FNDA:0,(anonymous_2)
FNDA:0,(anonymous_3)
FNDA:0,(anonymous_4)
FNDA:0,(anonymous_5)
FNDA:0,(anonymous_6)
FNDA:0,(anonymous_7)
FNDA:0,(anonymous_8)
FNDA:0,(anonymous_9)
FNDA:0,(anonymous_10)
FNDA:0,(anonymous_11)
FNDA:0,(anonymous_12)
FNDA:0,(anonymous_13)
FNDA:0,(anonymous_14)
FNDA:0,(anonymous_15)
FNDA:0,(anonymous_16)
FNDA:0,(anonymous_17)
FNDA:0,(anonymous_18)
FNDA:0,(anonymous_19)
FNDA:0,(anonymous_20)
FNDA:0,(anonymous_21)
FNDA:0,(anonymous_22)
FNDA:0,(anonymous_23)
FNDA:0,(anonymous_24)
FNDA:0,(anonymous_25)
FNDA:0,(anonymous_26)
FNDA:0,(anonymous_27)
FNDA:0,(anonymous_28)
FNDA:0,(anonymous_29)
FNDA:0,(anonymous_30)
FNDA:0,(anonymous_31)
FNDA:0,(anonymous_32)
FNDA:0,(anonymous_33)
FNDA:0,(anonymous_34)
FNDA:0,(anonymous_35)
FNDA:0,(anonymous_36)
DA:8,2
DA:9,0
DA:17,2
DA:18,0
DA:23,2
DA:24,0
DA:29,2
DA:30,0
DA:36,2
DA:37,0
DA:42,2
DA:43,0
DA:49,2
DA:50,0
DA:56,2
DA:57,0
DA:62,2
DA:63,0
DA:68,2
DA:69,0
DA:75,2
DA:76,0
DA:81,2
DA:82,0
DA:87,2
DA:88,0
DA:93,2
DA:95,0
DA:104,2
DA:108,0
DA:109,0
DA:111,0
DA:113,0
DA:114,0
DA:117,0
DA:119,0
DA:120,0
DA:122,0
DA:126,0
DA:128,0
DA:136,2
DA:137,0
DA:138,0
DA:140,0
DA:142,0
DA:143,0
DA:146,0
DA:148,0
DA:152,0
DA:154,0
DA:160,2
DA:161,0
DA:162,0
DA:164,0
DA:166,0
DA:167,0
DA:168,0
DA:170,0
DA:171,0
DA:173,0
DA:177,0
DA:179,0
DA:186,2
DA:187,0
DA:188,0
DA:190,0
DA:192,0
DA:193,0
DA:197,0
DA:198,0
DA:200,0
DA:204,0
DA:206,0
DA:213,2
DA:214,0
DA:219,2
DA:220,0
DA:226,2
DA:227,0
DA:232,2
DA:233,0
DA:234,0
DA:236,0
DA:238,0
DA:239,0
DA:243,0
DA:244,0
DA:246,0
DA:250,0
DA:252,0
LF:90
LH:22
BRDA:93,0,0,0
BRDA:113,1,0,0
BRDA:113,1,1,0
BRDA:126,2,0,0
BRDA:126,2,1,0
BRDA:142,3,0,0
BRDA:142,3,1,0
BRDA:152,4,0,0
BRDA:152,4,1,0
BRDA:166,5,0,0
BRDA:166,5,1,0
BRDA:177,6,0,0
BRDA:177,6,1,0
BRDA:192,7,0,0
BRDA:192,7,1,0
BRDA:204,8,0,0
BRDA:204,8,1,0
BRDA:238,9,0,0
BRDA:238,9,1,0
BRDA:250,10,0,0
BRDA:250,10,1,0
BRF:21
BRH:0
end_of_record
TN:
SF:C:\Users\Lena\Desktop\Fcmp\Fcmp-react\src\client\redux\reducers\index.js
FNF:0
FNH:0
DA:1,0
DA:2,0
DA:3,0
DA:4,0
DA:5,0
DA:6,0
LF:6
LH:0
BRF:0
BRH:0
end_of_record
TN:
SF:C:\Users\Lena\Desktop\Fcmp\Fcmp-react\src\client\redux\reducers\posts.js
FN:9,post
FN:24,posts
FN:28,(anonymous_3)
FNF:3
FNH:0
FNDA:0,post
FNDA:0,posts
FNDA:0,(anonymous_3)
DA:1,0
DA:9,0
DA:10,0
DA:12,0
DA:20,0
DA:24,0
DA:25,0
DA:28,0
DA:29,0
DA:36,0
DA:39,0
DA:45,0
LF:12
LH:0
BRDA:11,0,0,0
BRDA:11,0,1,0
BRDA:24,1,0,0
BRDA:24,1,1,0
BRDA:24,2,0,0
BRDA:24,2,1,0
BRDA:26,3,0,0
BRDA:26,3,1,0
BRDA:26,3,2,0
BRF:9
BRH:0
end_of_record
TN:
SF:C:\Users\Lena\Desktop\Fcmp\Fcmp-react\src\client\redux\reducers\user.js
FN:17,user
FNF:1
FNH:0
FNDA:0,user
DA:1,0
DA:17,0
DA:21,0
DA:22,0
DA:24,0
DA:26,0
DA:28,0
DA:30,0
DA:32,0
DA:34,0
DA:36,0
DA:38,0
DA:40,0
DA:42,0
DA:44,0
DA:46,0
DA:48,0
LF:17
LH:0
BRDA:21,0,0,0
BRDA:21,0,1,0
BRDA:21,1,0,0
BRDA:21,1,1,0
BRDA:23,2,0,0
BRDA:23,2,1,0
BRDA:23,2,2,0
BRDA:23,2,3,0
BRDA:23,2,4,0
BRDA:23,2,5,0
BRDA:23,2,6,0
BRDA:23,2,7,0
BRDA:23,2,8,0
BRDA:23,2,9,0
BRDA:23,2,10,0
BRDA:23,2,11,0
BRDA:23,2,12,0
BRF:17
BRH:0
end_of_record
TN:
SF:C:\Users\Lena\Desktop\Fcmp\Fcmp-react\src\client\redux\reducers\visibilityFilter.js
FN:1,visibilityFilter
FNF:1
FNH:0
FNDA:0,visibilityFilter
DA:1,0
DA:4,0
DA:5,0
DA:7,0
DA:9,0
LF:5
LH:0
BRDA:4,0,0,0
BRDA:4,0,1,0
BRDA:4,1,0,0
BRDA:4,1,1,0
BRDA:6,2,0,0
BRDA:6,2,1,0
BRF:6
BRH:0
end_of_record
TN:
SF:C:\Users\Lena\Desktop\Fcmp\Fcmp-react\src\client\styles\postsList.css.js
FNF:0
FNH:0
LF:0
LH:0
BRF:0
BRH:0
end_of_record
TN:
SF:C:\Users\Lena\Desktop\Fcmp\Fcmp-react\src\server\index.js
FN:20,connect
FN:21,(anonymous_2)
FN:64,(anonymous_3)
FN:93,(anonymous_4)
FNF:4
FNH:0
FNDA:0,connect
FNDA:0,(anonymous_2)
FNDA:0,(anonymous_3)
FNDA:0,(anonymous_4)
DA:1,0
DA:2,0
DA:3,0
DA:4,0
DA:5,0
DA:6,0
DA:7,0
DA:8,0
DA:9,0
DA:10,0
DA:11,0
DA:12,0
DA:16,0
DA:20,0
DA:21,0
DA:22,0
DA:23,0
DA:25,0
DA:30,0
DA:32,0
DA:33,0
DA:37,0
DA:40,0
DA:41,0
DA:43,0
DA:48,0
DA:54,0
DA:55,0
DA:59,0
DA:60,0
DA:61,0
DA:62,0
DA:63,0
DA:64,0
DA:66,0
DA:70,0
DA:89,0
DA:93,0
DA:94,0
DA:95,0
DA:97,0
LF:41
LH:0
BRDA:22,0,0,0
BRDA:22,0,1,0
BRDA:40,1,0,0
BRDA:40,1,1,0
BRDA:66,2,0,0
BRDA:66,2,1,0
BRDA:94,3,0,0
BRDA:94,3,1,0
BRF:8
BRH:0
end_of_record
TN:
SF:C:\Users\Lena\Desktop\Fcmp\Fcmp-react\src\server\config\express.js
FNF:0
FNH:0
DA:1,0
DA:2,0
DA:3,0
DA:4,0
DA:5,0
DA:6,0
DA:8,0
DA:11,0
DA:12,0
DA:17,0
DA:19,0
DA:20,0
DA:21,0
DA:23,0
DA:39,0
DA:41,0
DA:42,0
DA:43,0
DA:44,0
DA:45,0
DA:46,0
DA:47,0
DA:50,0
DA:52,0
DA:53,0
LF:25
LH:0
BRDA:44,0,0,0
BRDA:44,0,1,0
BRF:2
BRH:0
end_of_record
TN:
SF:C:\Users\Lena\Desktop\Fcmp\Fcmp-react\src\server\config\passport.js
FN:13,(anonymous_1)
FN:17,(anonymous_2)
FN:18,(anonymous_3)
FNF:3
FNH:0
FNDA:0,(anonymous_1)
FNDA:0,(anonymous_2)
FNDA:0,(anonymous_3)
DA:2,0
DA:3,0
DA:13,0
DA:14,0
DA:17,0
DA:18,0
DA:19,0
DA:24,0
LF:8
LH:0
BRF:0
BRH:0
end_of_record
TN:
SF:C:\Users\Lena\Desktop\Fcmp\Fcmp-react\src\server\config\secrets.js
FNF:0
FNH:0
DA:1,0
LF:1
LH:0
BRF:0
BRH:0
end_of_record
TN:
SF:C:\Users\Lena\Desktop\Fcmp\Fcmp-react\src\server\config\passport-strategies\local.js
FN:16,(anonymous_1)
FN:17,(anonymous_2)
FN:19,(anonymous_3)
FNF:3
FNH:0
FNDA:0,(anonymous_1)
FNDA:0,(anonymous_2)
FNDA:0,(anonymous_3)
DA:5,0
DA:6,0
DA:8,0
DA:17,0
DA:18,0
DA:19,0
DA:20,0
DA:21,0
DA:23,0
LF:9
LH:0
BRDA:18,0,0,0
BRDA:18,0,1,0
BRDA:20,1,0,0
BRDA:20,1,1,0
BRF:4
BRH:0
end_of_record
TN:
SF:C:\Users\Lena\Desktop\Fcmp\Fcmp-react\src\server\controllers\blogs.js
FN:7,(anonymous_0)
FN:14,(anonymous_1)
FN:22,(anonymous_2)
FN:24,(anonymous_3)
FN:29,(anonymous_4)
FN:38,(anonymous_5)
FN:42,(anonymous_6)
FN:49,(anonymous_7)
FN:57,(anonymous_8)
FN:68,(anonymous_9)
FN:75,(anonymous_10)
FNF:11
FNH:0
FNDA:0,(anonymous_0)
FNDA:0,(anonymous_1)
FNDA:0,(anonymous_2)
FNDA:0,(anonymous_3)
FNDA:0,(anonymous_4)
FNDA:0,(anonymous_5)
FNDA:0,(anonymous_6)
FNDA:0,(anonymous_7)
FNDA:0,(anonymous_8)
FNDA:0,(anonymous_9)
FNDA:0,(anonymous_10)
DA:1,0
DA:2,0
DA:3,0
DA:5,0
DA:7,0
DA:8,0
DA:9,0
DA:13,0
DA:15,0
DA:16,0
DA:18,0
DA:22,0
DA:23,0
DA:25,0
DA:29,0
DA:30,0
DA:36,0
DA:38,0
DA:39,0
DA:42,0
DA:43,0
DA:44,0
DA:48,0
DA:50,0
DA:51,0
DA:53,0
DA:57,0
DA:58,0
DA:59,0
DA:62,0
DA:67,0
DA:69,0
DA:70,0
DA:72,0
DA:73,0
DA:74,0
DA:76,0
LF:37
LH:0
BRDA:15,0,0,0
BRDA:15,0,1,0
BRDA:50,1,0,0
BRDA:50,1,1,0
BRDA:69,2,0,0
BRDA:69,2,1,0
BRDA:72,3,0,0
BRDA:72,3,1,0
BRDA:73,4,0,0
BRDA:73,4,1,0
BRF:10
BRH:0
end_of_record
TN:
SF:C:\Users\Lena\Desktop\Fcmp\Fcmp-react\src\server\controllers\users.js
FN:7,(anonymous_1)
FN:9,(anonymous_2)
FN:22,(anonymous_3)
FN:33,(anonymous_4)
FN:41,(anonymous_5)
FN:42,(anonymous_6)
FN:50,(anonymous_7)
FNF:7
FNH:0
FNDA:0,(anonymous_1)
FNDA:0,(anonymous_2)
FNDA:0,(anonymous_3)
FNDA:0,(anonymous_4)
FNDA:0,(anonymous_5)
FNDA:0,(anonymous_6)
FNDA:0,(anonymous_7)
DA:1,0
DA:2,0
DA:3,0
DA:7,0
DA:9,0
DA:10,0
DA:11,0
DA:12,0
DA:22,0
DA:23,0
DA:24,0
DA:26,0
DA:33,0
DA:35,0
DA:36,0
DA:41,0
DA:42,0
DA:44,0
DA:45,0
DA:46,0
DA:50,0
DA:51,0
DA:52,0
DA:53,0
DA:54,0
DA:56,0
DA:57,0
LF:27
LH:0
BRDA:10,0,0,0
BRDA:10,0,1,0
BRDA:11,1,0,0
BRDA:11,1,1,0
BRDA:23,2,0,0
BRDA:23,2,1,0
BRDA:44,3,0,0
BRDA:44,3,1,0
BRDA:51,4,0,0
BRDA:51,4,1,0
BRF:10
BRH:0
end_of_record
TN:
SF:C:\Users\Lena\Desktop\Fcmp\Fcmp-react\src\server\models\Blog.js
FNF:0
FNH:0
DA:1,0
DA:2,0
DA:5,0
DA:11,0
LF:4
LH:0
BRF:0
BRH:0
end_of_record
TN:
SF:C:\Users\Lena\Desktop\Fcmp\Fcmp-react\src\server\models\User.js
FN:19,(anonymous_1)
FN:23,(anonymous_2)
FN:25,(anonymous_3)
FN:36,comparePassword
FN:38,(anonymous_5)
FNF:5
FNH:0
FNDA:0,(anonymous_1)
FNDA:0,(anonymous_2)
FNDA:0,(anonymous_3)
FNDA:0,comparePassword
FNDA:0,(anonymous_5)
DA:1,0
DA:2,0
DA:4,0
DA:5,0
DA:7,0
DA:19,0
DA:20,0
DA:22,0
DA:23,0
DA:24,0
DA:25,0
DA:26,0
DA:27,0
DA:28,0
DA:36,0
DA:38,0
DA:39,0
DA:40,0
DA:48,0
LF:19
LH:0
BRDA:22,0,0,0
BRDA:22,0,1,0
BRDA:24,1,0,0
BRDA:24,1,1,0
BRDA:26,2,0,0
BRDA:26,2,1,0
BRDA:39,3,0,0
BRDA:39,3,1,0
BRF:8
BRH:0
end_of_record
